  [1m[36m (91.3ms)[0m  [1mCREATE TABLE "schema_migrations" ("version" varchar NOT NULL) [0m
  [1m[35m (0.2ms)[0m  select sqlite_version(*)
  [1m[36m (65.7ms)[0m  [1mCREATE UNIQUE INDEX "unique_schema_migrations" ON "schema_migrations" ("version")[0m
  [1m[35mActiveRecord::SchemaMigration Load (0.2ms)[0m  SELECT "schema_migrations".* FROM "schema_migrations"
Migrating to DeviseCreateUsers (20160403175139)
  [1m[36m (0.1ms)[0m  [1mbegin transaction[0m
  [1m[35m (0.8ms)[0m  CREATE TABLE "users" ("id" INTEGER PRIMARY KEY AUTOINCREMENT NOT NULL, "name" varchar, "email" varchar DEFAULT '' NOT NULL, "encrypted_password" varchar DEFAULT '' NOT NULL, "reset_password_token" varchar, "reset_password_sent_at" datetime, "remember_created_at" datetime, "sign_in_count" integer DEFAULT 0 NOT NULL, "current_sign_in_at" datetime, "last_sign_in_at" datetime, "current_sign_in_ip" varchar, "last_sign_in_ip" varchar, "created_at" datetime NOT NULL, "updated_at" datetime NOT NULL) 
  [1m[36m (0.5ms)[0m  [1mCREATE UNIQUE INDEX "index_users_on_email" ON "users" ("email")[0m
  [1m[35m (0.3ms)[0m              SELECT sql
            FROM sqlite_master
            WHERE name='index_users_on_email' AND type='index'
            UNION ALL
            SELECT sql
            FROM sqlite_temp_master
            WHERE name='index_users_on_email' AND type='index'

  [1m[36m (0.4ms)[0m  [1mCREATE UNIQUE INDEX "index_users_on_reset_password_token" ON "users" ("reset_password_token")[0m
  [1m[35mSQL (0.3ms)[0m  INSERT INTO "schema_migrations" ("version") VALUES (?)  [["version", "20160403175139"]]
  [1m[36m (97.3ms)[0m  [1mcommit transaction[0m
  [1m[35mActiveRecord::SchemaMigration Load (0.2ms)[0m  SELECT "schema_migrations".* FROM "schema_migrations"
  [1m[36m (0.3ms)[0m  [1m            SELECT sql
            FROM sqlite_master
            WHERE name='index_users_on_reset_password_token' AND type='index'
            UNION ALL
            SELECT sql
            FROM sqlite_temp_master
            WHERE name='index_users_on_reset_password_token' AND type='index'
[0m
  [1m[35m (0.2ms)[0m              SELECT sql
            FROM sqlite_master
            WHERE name='index_users_on_email' AND type='index'
            UNION ALL
            SELECT sql
            FROM sqlite_temp_master
            WHERE name='index_users_on_email' AND type='index'

  [1m[36mActiveRecord::SchemaMigration Load (0.1ms)[0m  [1mSELECT "schema_migrations".* FROM "schema_migrations"[0m
Migrating to CreatePosts (20160403222736)
  [1m[35m (0.1ms)[0m  begin transaction
  [1m[36m (0.7ms)[0m  [1mCREATE TABLE "posts" ("id" INTEGER PRIMARY KEY AUTOINCREMENT NOT NULL, "title" varchar, "content" text, "user_id" integer, "created_at" datetime NOT NULL, "updated_at" datetime NOT NULL) [0m
  [1m[35mSQL (0.3ms)[0m  INSERT INTO "schema_migrations" ("version") VALUES (?)  [["version", "20160403222736"]]
  [1m[36m (88.6ms)[0m  [1mcommit transaction[0m
  [1m[35mActiveRecord::SchemaMigration Load (0.2ms)[0m  SELECT "schema_migrations".* FROM "schema_migrations"
  [1m[36m (0.3ms)[0m  [1m            SELECT sql
            FROM sqlite_master
            WHERE name='index_users_on_reset_password_token' AND type='index'
            UNION ALL
            SELECT sql
            FROM sqlite_temp_master
            WHERE name='index_users_on_reset_password_token' AND type='index'
[0m
  [1m[35m (0.2ms)[0m              SELECT sql
            FROM sqlite_master
            WHERE name='index_users_on_email' AND type='index'
            UNION ALL
            SELECT sql
            FROM sqlite_temp_master
            WHERE name='index_users_on_email' AND type='index'



Started GET "/admin" for 127.0.0.1 at 2016-04-03 18:55:03 -0400
  [1m[36mActiveRecord::SchemaMigration Load (0.1ms)[0m  [1mSELECT "schema_migrations".* FROM "schema_migrations"[0m

ActionController::RoutingError (No route matches [GET] "/admin"):
  actionpack (4.2.4) lib/action_dispatch/middleware/debug_exceptions.rb:21:in `call'
  web-console (2.3.0) lib/web_console/middleware.rb:28:in `block in call'
  web-console (2.3.0) lib/web_console/middleware.rb:18:in `catch'
  web-console (2.3.0) lib/web_console/middleware.rb:18:in `call'
  actionpack (4.2.4) lib/action_dispatch/middleware/show_exceptions.rb:30:in `call'
  railties (4.2.4) lib/rails/rack/logger.rb:38:in `call_app'
  railties (4.2.4) lib/rails/rack/logger.rb:20:in `block in call'
  activesupport (4.2.4) lib/active_support/tagged_logging.rb:68:in `block in tagged'
  activesupport (4.2.4) lib/active_support/tagged_logging.rb:26:in `tagged'
  activesupport (4.2.4) lib/active_support/tagged_logging.rb:68:in `tagged'
  railties (4.2.4) lib/rails/rack/logger.rb:20:in `call'
  actionpack (4.2.4) lib/action_dispatch/middleware/request_id.rb:21:in `call'
  rack (1.6.4) lib/rack/methodoverride.rb:22:in `call'
  rack (1.6.4) lib/rack/runtime.rb:18:in `call'
  activesupport (4.2.4) lib/active_support/cache/strategy/local_cache_middleware.rb:28:in `call'
  rack (1.6.4) lib/rack/lock.rb:17:in `call'
  actionpack (4.2.4) lib/action_dispatch/middleware/static.rb:116:in `call'
  rack (1.6.4) lib/rack/sendfile.rb:113:in `call'
  railties (4.2.4) lib/rails/engine.rb:518:in `call'
  railties (4.2.4) lib/rails/application.rb:165:in `call'
  rack (1.6.4) lib/rack/lock.rb:17:in `call'
  rack (1.6.4) lib/rack/content_length.rb:15:in `call'
  rack (1.6.4) lib/rack/handler/webrick.rb:88:in `service'
  /home/fd/.rbenv/versions/2.2.3/lib/ruby/2.2.0/webrick/httpserver.rb:138:in `service'
  /home/fd/.rbenv/versions/2.2.3/lib/ruby/2.2.0/webrick/httpserver.rb:94:in `run'
  /home/fd/.rbenv/versions/2.2.3/lib/ruby/2.2.0/webrick/server.rb:294:in `block in start_thread'


  Rendered /home/fd/.rbenv/versions/2.2.3/lib/ruby/gems/2.2.0/gems/actionpack-4.2.4/lib/action_dispatch/middleware/templates/rescues/_trace.html.erb (4.8ms)
  Rendered /home/fd/.rbenv/versions/2.2.3/lib/ruby/gems/2.2.0/gems/actionpack-4.2.4/lib/action_dispatch/middleware/templates/routes/_route.html.erb (2.3ms)
  Rendered /home/fd/.rbenv/versions/2.2.3/lib/ruby/gems/2.2.0/gems/actionpack-4.2.4/lib/action_dispatch/middleware/templates/routes/_table.html.erb (8.3ms)
  Rendered /home/fd/.rbenv/versions/2.2.3/lib/ruby/gems/2.2.0/gems/actionpack-4.2.4/lib/action_dispatch/middleware/templates/rescues/_request_and_response.html.erb (32.7ms)
  Rendered /home/fd/.rbenv/versions/2.2.3/lib/ruby/gems/2.2.0/gems/actionpack-4.2.4/lib/action_dispatch/middleware/templates/rescues/routing_error.html.erb within rescues/layout (95.8ms)
  Rendered /home/fd/.rbenv/versions/2.2.3/lib/ruby/gems/2.2.0/gems/web-console-2.3.0/lib/web_console/templates/_markup.html.erb (0.4ms)
  Rendered /home/fd/.rbenv/versions/2.2.3/lib/ruby/gems/2.2.0/gems/web-console-2.3.0/lib/web_console/templates/_inner_console_markup.html.erb within layouts/inlined_string (0.4ms)
  Rendered /home/fd/.rbenv/versions/2.2.3/lib/ruby/gems/2.2.0/gems/web-console-2.3.0/lib/web_console/templates/_prompt_box_markup.html.erb within layouts/inlined_string (0.3ms)
  Rendered /home/fd/.rbenv/versions/2.2.3/lib/ruby/gems/2.2.0/gems/web-console-2.3.0/lib/web_console/templates/style.css.erb within layouts/inlined_string (0.3ms)
  Rendered /home/fd/.rbenv/versions/2.2.3/lib/ruby/gems/2.2.0/gems/web-console-2.3.0/lib/web_console/templates/console.js.erb within layouts/javascript (59.9ms)
  Rendered /home/fd/.rbenv/versions/2.2.3/lib/ruby/gems/2.2.0/gems/web-console-2.3.0/lib/web_console/templates/main.js.erb within layouts/javascript (0.4ms)
  Rendered /home/fd/.rbenv/versions/2.2.3/lib/ruby/gems/2.2.0/gems/web-console-2.3.0/lib/web_console/templates/error_page.js.erb within layouts/javascript (0.4ms)
  Rendered /home/fd/.rbenv/versions/2.2.3/lib/ruby/gems/2.2.0/gems/web-console-2.3.0/lib/web_console/templates/index.html.erb (92.3ms)


Started GET "/" for 127.0.0.1 at 2016-04-03 18:55:09 -0400
Processing by HomeController#index as HTML
Completed 500 Internal Server Error in 5ms (ActiveRecord: 0.0ms)

NameError (undefined local variable or method `user_signed_in' for #<HomeController:0x005647b8e188f8>):
  app/controllers/home_controller.rb:3:in `index'


  Rendered /home/fd/.rbenv/versions/2.2.3/lib/ruby/gems/2.2.0/gems/actionpack-4.2.4/lib/action_dispatch/middleware/templates/rescues/_source.erb (5.6ms)
  Rendered /home/fd/.rbenv/versions/2.2.3/lib/ruby/gems/2.2.0/gems/actionpack-4.2.4/lib/action_dispatch/middleware/templates/rescues/_trace.html.erb (2.4ms)
  Rendered /home/fd/.rbenv/versions/2.2.3/lib/ruby/gems/2.2.0/gems/actionpack-4.2.4/lib/action_dispatch/middleware/templates/rescues/_request_and_response.html.erb (1.1ms)
  Rendered /home/fd/.rbenv/versions/2.2.3/lib/ruby/gems/2.2.0/gems/actionpack-4.2.4/lib/action_dispatch/middleware/templates/rescues/diagnostics.html.erb within rescues/layout (28.0ms)
  Rendered /home/fd/.rbenv/versions/2.2.3/lib/ruby/gems/2.2.0/gems/web-console-2.3.0/lib/web_console/templates/_markup.html.erb (0.4ms)
  Rendered /home/fd/.rbenv/versions/2.2.3/lib/ruby/gems/2.2.0/gems/web-console-2.3.0/lib/web_console/templates/_inner_console_markup.html.erb within layouts/inlined_string (0.4ms)
  Rendered /home/fd/.rbenv/versions/2.2.3/lib/ruby/gems/2.2.0/gems/web-console-2.3.0/lib/web_console/templates/_prompt_box_markup.html.erb within layouts/inlined_string (0.3ms)
  Rendered /home/fd/.rbenv/versions/2.2.3/lib/ruby/gems/2.2.0/gems/web-console-2.3.0/lib/web_console/templates/style.css.erb within layouts/inlined_string (0.3ms)
  Rendered /home/fd/.rbenv/versions/2.2.3/lib/ruby/gems/2.2.0/gems/web-console-2.3.0/lib/web_console/templates/console.js.erb within layouts/javascript (17.7ms)
  Rendered /home/fd/.rbenv/versions/2.2.3/lib/ruby/gems/2.2.0/gems/web-console-2.3.0/lib/web_console/templates/main.js.erb within layouts/javascript (0.5ms)
  Rendered /home/fd/.rbenv/versions/2.2.3/lib/ruby/gems/2.2.0/gems/web-console-2.3.0/lib/web_console/templates/error_page.js.erb within layouts/javascript (0.4ms)
  Rendered /home/fd/.rbenv/versions/2.2.3/lib/ruby/gems/2.2.0/gems/web-console-2.3.0/lib/web_console/templates/index.html.erb (36.8ms)


Started GET "/" for 127.0.0.1 at 2016-04-03 18:55:43 -0400
Processing by HomeController#index as HTML
  Rendered home/index.html.erb within layouts/application (0.5ms)
Completed 200 OK in 1586ms (Views: 1581.5ms | ActiveRecord: 0.0ms)


Started GET "/assets/home.self-e3b0c44298fc1c149afbf4c8996fb92427ae41e4649b934ca495991b7852b855.css?body=1" for 127.0.0.1 at 2016-04-03 18:55:44 -0400


Started GET "/assets/posts.self-e3b0c44298fc1c149afbf4c8996fb92427ae41e4649b934ca495991b7852b855.css?body=1" for 127.0.0.1 at 2016-04-03 18:55:44 -0400


Started GET "/assets/home.self-877aef30ae1b040ab8a3aba4e3e309a11d7f2612f44dde450b5c157aa5f95c05.js?body=1" for 127.0.0.1 at 2016-04-03 18:55:44 -0400


Started GET "/assets/posts.self-877aef30ae1b040ab8a3aba4e3e309a11d7f2612f44dde450b5c157aa5f95c05.js?body=1" for 127.0.0.1 at 2016-04-03 18:55:44 -0400


Started GET "/assets/application.self-e80e8f2318043e8af94dddc2adad5a4f09739a8ebb323b3ab31cd71d45fd9113.css?body=1" for 127.0.0.1 at 2016-04-03 18:55:44 -0400


Started GET "/assets/scaffolds.self-616d811807d668015dd1d21308251bcaaadd02c129873150cbfb8dbff690dc28.css?body=1" for 127.0.0.1 at 2016-04-03 18:55:44 -0400


Started GET "/assets/jquery.self-660adc51e0224b731d29f575a6f1ec167ba08ad06ed5deca4f1e8654c135bf4c.js?body=1" for 127.0.0.1 at 2016-04-03 18:55:44 -0400


Started GET "/assets/jquery_ujs.self-e87806d0cf4489aeb1bb7288016024e8de67fd18db693fe026fe3907581e53cd.js?body=1" for 127.0.0.1 at 2016-04-03 18:55:44 -0400


Started GET "/assets/turbolinks.self-c37727e9bd6b2735da5c311aa83fead54ed0be6cc8bd9a65309e9c5abe2cbfff.js?body=1" for 127.0.0.1 at 2016-04-03 18:55:44 -0400


Started GET "/assets/application.self-3b8dabdc891efe46b9a144b400ad69e37d7e5876bdc39dee783419a69d7ca819.js?body=1" for 127.0.0.1 at 2016-04-03 18:55:44 -0400


Started GET "/users/sign_up" for 127.0.0.1 at 2016-04-03 18:55:56 -0400
Processing by RegistrationsController#new as HTML
  Rendered devise/shared/_links.html.erb (2.0ms)
  Rendered devise/registrations/new.html.erb within layouts/application (80.8ms)
Completed 200 OK in 129ms (Views: 108.3ms | ActiveRecord: 1.0ms)


Started POST "/users" for 127.0.0.1 at 2016-04-03 18:56:27 -0400
Processing by RegistrationsController#create as HTML
  Parameters: {"utf8"=>"✓", "authenticity_token"=>"uDASih31jHlPavaNrNibQpGoydh0IWT4mPBqqO2kgFdfzOAl2g+VfJEOV0/wL65LEgx/HzuZVPLhdhm8uWQzjQ==", "user"=>{"email"=>"felixeroidis@hotmail.com", "password"=>"[FILTERED]", "password_confirmation"=>"[FILTERED]"}, "commit"=>"Sign up"}
  [1m[35m (0.1ms)[0m  begin transaction
  [1m[36mUser Exists (0.2ms)[0m  [1mSELECT  1 AS one FROM "users" WHERE "users"."email" = 'felixeroidis@hotmail.com' LIMIT 1[0m
  [1m[35mSQL (0.4ms)[0m  INSERT INTO "users" ("email", "encrypted_password", "created_at", "updated_at") VALUES (?, ?, ?, ?)  [["email", "felixeroidis@hotmail.com"], ["encrypted_password", "$2a$10$4RAhi2yb0cCE4segdtuyieoPH.1AO4PyQZUPxqalv753oJ3C1AzOO"], ["created_at", "2016-04-03 22:56:27.667151"], ["updated_at", "2016-04-03 22:56:27.667151"]]
  [1m[36m (77.7ms)[0m  [1mcommit transaction[0m
  [1m[35m (0.1ms)[0m  begin transaction
  [1m[36mSQL (0.7ms)[0m  [1mUPDATE "users" SET "last_sign_in_at" = ?, "current_sign_in_at" = ?, "last_sign_in_ip" = ?, "current_sign_in_ip" = ?, "sign_in_count" = ?, "updated_at" = ? WHERE "users"."id" = ?[0m  [["last_sign_in_at", "2016-04-03 22:56:27.748414"], ["current_sign_in_at", "2016-04-03 22:56:27.748414"], ["last_sign_in_ip", "127.0.0.1"], ["current_sign_in_ip", "127.0.0.1"], ["sign_in_count", 1], ["updated_at", "2016-04-03 22:56:27.749837"], ["id", 1]]
  [1m[35m (62.9ms)[0m  commit transaction
Redirected to http://localhost:3000/
Completed 302 Found in 449ms (ActiveRecord: 142.1ms)


Started GET "/" for 127.0.0.1 at 2016-04-03 18:56:27 -0400
Processing by HomeController#index as HTML
  [1m[36mUser Load (0.3ms)[0m  [1mSELECT  "users".* FROM "users" WHERE "users"."id" = ?  ORDER BY "users"."id" ASC LIMIT 1[0m  [["id", 1]]
Redirected to http://localhost:3000/posts
Completed 302 Found in 3ms (ActiveRecord: 0.3ms)


Started GET "/posts" for 127.0.0.1 at 2016-04-03 18:56:27 -0400
Processing by PostsController#index as HTML
  [1m[35mUser Load (0.1ms)[0m  SELECT  "users".* FROM "users" WHERE "users"."id" = ?  ORDER BY "users"."id" ASC LIMIT 1  [["id", 1]]
  [1m[36mPost Load (0.2ms)[0m  [1mSELECT "posts".* FROM "posts"[0m
  Rendered posts/index.html.erb within layouts/application (2.5ms)
Completed 200 OK in 38ms (Views: 31.1ms | ActiveRecord: 0.4ms)


Started GET "/posts" for 127.0.0.1 at 2016-04-03 19:02:18 -0400
Processing by PostsController#index as HTML
  [1m[35mUser Load (0.4ms)[0m  SELECT  "users".* FROM "users" WHERE "users"."id" = ?  ORDER BY "users"."id" ASC LIMIT 1  [["id", 1]]
  [1m[36mPost Load (0.2ms)[0m  [1mSELECT "posts".* FROM "posts"[0m
  Rendered posts/index.html.erb within layouts/application (0.9ms)
Completed 200 OK in 26ms (Views: 22.6ms | ActiveRecord: 0.5ms)


Started GET "/assets/home.self-e3b0c44298fc1c149afbf4c8996fb92427ae41e4649b934ca495991b7852b855.css?body=1" for 127.0.0.1 at 2016-04-03 19:02:18 -0400


Started GET "/assets/application.self-e80e8f2318043e8af94dddc2adad5a4f09739a8ebb323b3ab31cd71d45fd9113.css?body=1" for 127.0.0.1 at 2016-04-03 19:02:18 -0400


Started GET "/assets/scaffolds.self-616d811807d668015dd1d21308251bcaaadd02c129873150cbfb8dbff690dc28.css?body=1" for 127.0.0.1 at 2016-04-03 19:02:19 -0400


Started GET "/assets/posts.self-e3b0c44298fc1c149afbf4c8996fb92427ae41e4649b934ca495991b7852b855.css?body=1" for 127.0.0.1 at 2016-04-03 19:02:19 -0400


Started GET "/assets/jquery_ujs.self-e87806d0cf4489aeb1bb7288016024e8de67fd18db693fe026fe3907581e53cd.js?body=1" for 127.0.0.1 at 2016-04-03 19:02:19 -0400


Started GET "/assets/jquery.self-660adc51e0224b731d29f575a6f1ec167ba08ad06ed5deca4f1e8654c135bf4c.js?body=1" for 127.0.0.1 at 2016-04-03 19:02:19 -0400


Started GET "/assets/turbolinks.self-c37727e9bd6b2735da5c311aa83fead54ed0be6cc8bd9a65309e9c5abe2cbfff.js?body=1" for 127.0.0.1 at 2016-04-03 19:02:19 -0400


Started GET "/assets/home.self-877aef30ae1b040ab8a3aba4e3e309a11d7f2612f44dde450b5c157aa5f95c05.js?body=1" for 127.0.0.1 at 2016-04-03 19:02:19 -0400


Started GET "/assets/posts.self-877aef30ae1b040ab8a3aba4e3e309a11d7f2612f44dde450b5c157aa5f95c05.js?body=1" for 127.0.0.1 at 2016-04-03 19:02:19 -0400


Started GET "/assets/application.self-3b8dabdc891efe46b9a144b400ad69e37d7e5876bdc39dee783419a69d7ca819.js?body=1" for 127.0.0.1 at 2016-04-03 19:02:19 -0400


Started DELETE "/users/sign_out" for 127.0.0.1 at 2016-04-03 19:02:28 -0400
Processing by Devise::SessionsController#destroy as HTML
  Parameters: {"authenticity_token"=>"Vp20jrfVuu0r21VX3PrPl6LHiXOmHeO0iVbqkVlHXz+xYUYhcC+j6PW/9JWADfqeIWM/tOml077w0JmFDYfs5Q=="}
  [1m[35mUser Load (0.2ms)[0m  SELECT  "users".* FROM "users" WHERE "users"."id" = ?  ORDER BY "users"."id" ASC LIMIT 1  [["id", 1]]
  [1m[36m (0.1ms)[0m  [1mbegin transaction[0m
  [1m[35m (0.1ms)[0m  commit transaction
Redirected to http://localhost:3000/
Completed 302 Found in 9ms (ActiveRecord: 0.3ms)


Started GET "/" for 127.0.0.1 at 2016-04-03 19:02:28 -0400
Processing by HomeController#index as HTML
  Rendered home/index.html.erb within layouts/application (0.1ms)
Completed 200 OK in 43ms (Views: 42.2ms | ActiveRecord: 0.0ms)


Started GET "/users/sign_in" for 127.0.0.1 at 2016-04-03 19:02:34 -0400
Processing by Devise::SessionsController#new as HTML
  Rendered devise/shared/_links.html.erb (0.9ms)
  Rendered devise/sessions/new.html.erb within layouts/application (20.5ms)
Completed 200 OK in 90ms (Views: 55.2ms | ActiveRecord: 0.0ms)


Started GET "/users/sign_up" for 127.0.0.1 at 2016-04-03 19:02:52 -0400
Processing by RegistrationsController#new as HTML
  Rendered devise/registrations/new.html.erb within layouts/application (52.7ms)
Completed 500 Internal Server Error in 60ms (ActiveRecord: 0.0ms)

ActionView::Template::Error (undefined method `name_field' for #<ActionView::Helpers::FormBuilder:0x007fbbbc027a18>):
     5: 
     6:   <div class="field">
     7:     <%= f.label :name %><br />
     8:     <%= f.name_field :name, autofocus: true %>
     9:   </div>
    10:   
    11:   <div class="field">
  app/views/devise/registrations/new.html.erb:8:in `block in _app_views_devise_registrations_new_html_erb___4068461722608686420_70222267700420'
  app/views/devise/registrations/new.html.erb:3:in `_app_views_devise_registrations_new_html_erb___4068461722608686420_70222267700420'


  Rendered /home/fd/.rbenv/versions/2.2.3/lib/ruby/gems/2.2.0/gems/actionpack-4.2.4/lib/action_dispatch/middleware/templates/rescues/_source.erb (8.5ms)
  Rendered /home/fd/.rbenv/versions/2.2.3/lib/ruby/gems/2.2.0/gems/actionpack-4.2.4/lib/action_dispatch/middleware/templates/rescues/_trace.html.erb (3.4ms)
  Rendered /home/fd/.rbenv/versions/2.2.3/lib/ruby/gems/2.2.0/gems/actionpack-4.2.4/lib/action_dispatch/middleware/templates/rescues/_request_and_response.html.erb (1.1ms)
  Rendered /home/fd/.rbenv/versions/2.2.3/lib/ruby/gems/2.2.0/gems/actionpack-4.2.4/lib/action_dispatch/middleware/templates/rescues/template_error.html.erb within rescues/layout (28.6ms)
  Rendered /home/fd/.rbenv/versions/2.2.3/lib/ruby/gems/2.2.0/gems/web-console-2.3.0/lib/web_console/templates/_markup.html.erb (0.3ms)
  Rendered /home/fd/.rbenv/versions/2.2.3/lib/ruby/gems/2.2.0/gems/web-console-2.3.0/lib/web_console/templates/_inner_console_markup.html.erb within layouts/inlined_string (0.4ms)
  Rendered /home/fd/.rbenv/versions/2.2.3/lib/ruby/gems/2.2.0/gems/web-console-2.3.0/lib/web_console/templates/_prompt_box_markup.html.erb within layouts/inlined_string (0.4ms)
  Rendered /home/fd/.rbenv/versions/2.2.3/lib/ruby/gems/2.2.0/gems/web-console-2.3.0/lib/web_console/templates/style.css.erb within layouts/inlined_string (0.3ms)
  Rendered /home/fd/.rbenv/versions/2.2.3/lib/ruby/gems/2.2.0/gems/web-console-2.3.0/lib/web_console/templates/console.js.erb within layouts/javascript (18.1ms)
  Rendered /home/fd/.rbenv/versions/2.2.3/lib/ruby/gems/2.2.0/gems/web-console-2.3.0/lib/web_console/templates/main.js.erb within layouts/javascript (0.2ms)
  Rendered /home/fd/.rbenv/versions/2.2.3/lib/ruby/gems/2.2.0/gems/web-console-2.3.0/lib/web_console/templates/error_page.js.erb within layouts/javascript (0.4ms)
  Rendered /home/fd/.rbenv/versions/2.2.3/lib/ruby/gems/2.2.0/gems/web-console-2.3.0/lib/web_console/templates/index.html.erb (35.5ms)


Started GET "/users/sign_up" for 127.0.0.1 at 2016-04-03 19:02:52 -0400
Processing by RegistrationsController#new as HTML
  Rendered devise/registrations/new.html.erb within layouts/application (29.6ms)
Completed 500 Internal Server Error in 35ms (ActiveRecord: 0.0ms)

ActionView::Template::Error (undefined method `name_field' for #<ActionView::Helpers::FormBuilder:0x007fbbca271040>):
     5: 
     6:   <div class="field">
     7:     <%= f.label :name %><br />
     8:     <%= f.name_field :name, autofocus: true %>
     9:   </div>
    10:   
    11:   <div class="field">
  app/views/devise/registrations/new.html.erb:8:in `block in _app_views_devise_registrations_new_html_erb___4068461722608686420_70222267700420'
  app/views/devise/registrations/new.html.erb:3:in `_app_views_devise_registrations_new_html_erb___4068461722608686420_70222267700420'


  Rendered /home/fd/.rbenv/versions/2.2.3/lib/ruby/gems/2.2.0/gems/actionpack-4.2.4/lib/action_dispatch/middleware/templates/rescues/_source.erb (8.2ms)
  Rendered /home/fd/.rbenv/versions/2.2.3/lib/ruby/gems/2.2.0/gems/actionpack-4.2.4/lib/action_dispatch/middleware/templates/rescues/_trace.html.erb (3.6ms)
  Rendered /home/fd/.rbenv/versions/2.2.3/lib/ruby/gems/2.2.0/gems/actionpack-4.2.4/lib/action_dispatch/middleware/templates/rescues/_request_and_response.html.erb (1.1ms)
  Rendered /home/fd/.rbenv/versions/2.2.3/lib/ruby/gems/2.2.0/gems/actionpack-4.2.4/lib/action_dispatch/middleware/templates/rescues/template_error.html.erb within rescues/layout (28.8ms)
  Rendered /home/fd/.rbenv/versions/2.2.3/lib/ruby/gems/2.2.0/gems/web-console-2.3.0/lib/web_console/templates/_markup.html.erb (0.4ms)
  Rendered /home/fd/.rbenv/versions/2.2.3/lib/ruby/gems/2.2.0/gems/web-console-2.3.0/lib/web_console/templates/_inner_console_markup.html.erb within layouts/inlined_string (0.4ms)
  Rendered /home/fd/.rbenv/versions/2.2.3/lib/ruby/gems/2.2.0/gems/web-console-2.3.0/lib/web_console/templates/_prompt_box_markup.html.erb within layouts/inlined_string (0.3ms)
  Rendered /home/fd/.rbenv/versions/2.2.3/lib/ruby/gems/2.2.0/gems/web-console-2.3.0/lib/web_console/templates/style.css.erb within layouts/inlined_string (0.3ms)
  Rendered /home/fd/.rbenv/versions/2.2.3/lib/ruby/gems/2.2.0/gems/web-console-2.3.0/lib/web_console/templates/console.js.erb within layouts/javascript (18.4ms)
  Rendered /home/fd/.rbenv/versions/2.2.3/lib/ruby/gems/2.2.0/gems/web-console-2.3.0/lib/web_console/templates/main.js.erb within layouts/javascript (0.3ms)
  Rendered /home/fd/.rbenv/versions/2.2.3/lib/ruby/gems/2.2.0/gems/web-console-2.3.0/lib/web_console/templates/error_page.js.erb within layouts/javascript (0.3ms)
  Rendered /home/fd/.rbenv/versions/2.2.3/lib/ruby/gems/2.2.0/gems/web-console-2.3.0/lib/web_console/templates/index.html.erb (35.7ms)


Started GET "/users/sign_up" for 127.0.0.1 at 2016-04-03 19:04:13 -0400
Processing by RegistrationsController#new as HTML
  Rendered devise/shared/_links.html.erb (0.4ms)
  Rendered devise/registrations/new.html.erb within layouts/application (8.3ms)
Completed 200 OK in 41ms (Views: 38.9ms | ActiveRecord: 0.0ms)


Started GET "/assets/home.self-e3b0c44298fc1c149afbf4c8996fb92427ae41e4649b934ca495991b7852b855.css?body=1" for 127.0.0.1 at 2016-04-03 19:04:13 -0400


Started GET "/assets/posts.self-e3b0c44298fc1c149afbf4c8996fb92427ae41e4649b934ca495991b7852b855.css?body=1" for 127.0.0.1 at 2016-04-03 19:04:13 -0400


Started GET "/assets/scaffolds.self-616d811807d668015dd1d21308251bcaaadd02c129873150cbfb8dbff690dc28.css?body=1" for 127.0.0.1 at 2016-04-03 19:04:13 -0400


Started GET "/assets/jquery.self-660adc51e0224b731d29f575a6f1ec167ba08ad06ed5deca4f1e8654c135bf4c.js?body=1" for 127.0.0.1 at 2016-04-03 19:04:13 -0400


Started GET "/assets/application.self-e80e8f2318043e8af94dddc2adad5a4f09739a8ebb323b3ab31cd71d45fd9113.css?body=1" for 127.0.0.1 at 2016-04-03 19:04:13 -0400


Started GET "/assets/jquery_ujs.self-e87806d0cf4489aeb1bb7288016024e8de67fd18db693fe026fe3907581e53cd.js?body=1" for 127.0.0.1 at 2016-04-03 19:04:13 -0400


Started GET "/assets/turbolinks.self-c37727e9bd6b2735da5c311aa83fead54ed0be6cc8bd9a65309e9c5abe2cbfff.js?body=1" for 127.0.0.1 at 2016-04-03 19:04:13 -0400


Started GET "/assets/home.self-877aef30ae1b040ab8a3aba4e3e309a11d7f2612f44dde450b5c157aa5f95c05.js?body=1" for 127.0.0.1 at 2016-04-03 19:04:13 -0400


Started GET "/assets/posts.self-877aef30ae1b040ab8a3aba4e3e309a11d7f2612f44dde450b5c157aa5f95c05.js?body=1" for 127.0.0.1 at 2016-04-03 19:04:13 -0400


Started GET "/assets/application.self-3b8dabdc891efe46b9a144b400ad69e37d7e5876bdc39dee783419a69d7ca819.js?body=1" for 127.0.0.1 at 2016-04-03 19:04:13 -0400


Started GET "/users/edit/1" for 127.0.0.1 at 2016-04-03 19:04:26 -0400

ActionController::RoutingError (No route matches [GET] "/users/edit/1"):
  actionpack (4.2.4) lib/action_dispatch/middleware/debug_exceptions.rb:21:in `call'
  web-console (2.3.0) lib/web_console/middleware.rb:28:in `block in call'
  web-console (2.3.0) lib/web_console/middleware.rb:18:in `catch'
  web-console (2.3.0) lib/web_console/middleware.rb:18:in `call'
  actionpack (4.2.4) lib/action_dispatch/middleware/show_exceptions.rb:30:in `call'
  railties (4.2.4) lib/rails/rack/logger.rb:38:in `call_app'
  railties (4.2.4) lib/rails/rack/logger.rb:20:in `block in call'
  activesupport (4.2.4) lib/active_support/tagged_logging.rb:68:in `block in tagged'
  activesupport (4.2.4) lib/active_support/tagged_logging.rb:26:in `tagged'
  activesupport (4.2.4) lib/active_support/tagged_logging.rb:68:in `tagged'
  railties (4.2.4) lib/rails/rack/logger.rb:20:in `call'
  actionpack (4.2.4) lib/action_dispatch/middleware/request_id.rb:21:in `call'
  rack (1.6.4) lib/rack/methodoverride.rb:22:in `call'
  rack (1.6.4) lib/rack/runtime.rb:18:in `call'
  activesupport (4.2.4) lib/active_support/cache/strategy/local_cache_middleware.rb:28:in `call'
  rack (1.6.4) lib/rack/lock.rb:17:in `call'
  actionpack (4.2.4) lib/action_dispatch/middleware/static.rb:116:in `call'
  rack (1.6.4) lib/rack/sendfile.rb:113:in `call'
  railties (4.2.4) lib/rails/engine.rb:518:in `call'
  railties (4.2.4) lib/rails/application.rb:165:in `call'
  rack (1.6.4) lib/rack/lock.rb:17:in `call'
  rack (1.6.4) lib/rack/content_length.rb:15:in `call'
  rack (1.6.4) lib/rack/handler/webrick.rb:88:in `service'
  /home/fd/.rbenv/versions/2.2.3/lib/ruby/2.2.0/webrick/httpserver.rb:138:in `service'
  /home/fd/.rbenv/versions/2.2.3/lib/ruby/2.2.0/webrick/httpserver.rb:94:in `run'
  /home/fd/.rbenv/versions/2.2.3/lib/ruby/2.2.0/webrick/server.rb:294:in `block in start_thread'


  Rendered /home/fd/.rbenv/versions/2.2.3/lib/ruby/gems/2.2.0/gems/actionpack-4.2.4/lib/action_dispatch/middleware/templates/rescues/_trace.html.erb (1.9ms)
  Rendered /home/fd/.rbenv/versions/2.2.3/lib/ruby/gems/2.2.0/gems/actionpack-4.2.4/lib/action_dispatch/middleware/templates/routes/_route.html.erb (2.2ms)
  Rendered /home/fd/.rbenv/versions/2.2.3/lib/ruby/gems/2.2.0/gems/actionpack-4.2.4/lib/action_dispatch/middleware/templates/routes/_table.html.erb (1.5ms)
  Rendered /home/fd/.rbenv/versions/2.2.3/lib/ruby/gems/2.2.0/gems/actionpack-4.2.4/lib/action_dispatch/middleware/templates/rescues/_request_and_response.html.erb (1.3ms)
  Rendered /home/fd/.rbenv/versions/2.2.3/lib/ruby/gems/2.2.0/gems/actionpack-4.2.4/lib/action_dispatch/middleware/templates/rescues/routing_error.html.erb within rescues/layout (41.7ms)
  Rendered /home/fd/.rbenv/versions/2.2.3/lib/ruby/gems/2.2.0/gems/web-console-2.3.0/lib/web_console/templates/_markup.html.erb (0.5ms)
  Rendered /home/fd/.rbenv/versions/2.2.3/lib/ruby/gems/2.2.0/gems/web-console-2.3.0/lib/web_console/templates/_inner_console_markup.html.erb within layouts/inlined_string (0.4ms)
  Rendered /home/fd/.rbenv/versions/2.2.3/lib/ruby/gems/2.2.0/gems/web-console-2.3.0/lib/web_console/templates/_prompt_box_markup.html.erb within layouts/inlined_string (0.3ms)
  Rendered /home/fd/.rbenv/versions/2.2.3/lib/ruby/gems/2.2.0/gems/web-console-2.3.0/lib/web_console/templates/style.css.erb within layouts/inlined_string (0.3ms)
  Rendered /home/fd/.rbenv/versions/2.2.3/lib/ruby/gems/2.2.0/gems/web-console-2.3.0/lib/web_console/templates/console.js.erb within layouts/javascript (18.6ms)
  Rendered /home/fd/.rbenv/versions/2.2.3/lib/ruby/gems/2.2.0/gems/web-console-2.3.0/lib/web_console/templates/main.js.erb within layouts/javascript (0.4ms)
  Rendered /home/fd/.rbenv/versions/2.2.3/lib/ruby/gems/2.2.0/gems/web-console-2.3.0/lib/web_console/templates/error_page.js.erb within layouts/javascript (0.4ms)
  Rendered /home/fd/.rbenv/versions/2.2.3/lib/ruby/gems/2.2.0/gems/web-console-2.3.0/lib/web_console/templates/index.html.erb (38.0ms)


Started GET "/registration/edit" for 127.0.0.1 at 2016-04-03 19:05:53 -0400

ActionController::RoutingError (No route matches [GET] "/registration/edit"):
  actionpack (4.2.4) lib/action_dispatch/middleware/debug_exceptions.rb:21:in `call'
  web-console (2.3.0) lib/web_console/middleware.rb:28:in `block in call'
  web-console (2.3.0) lib/web_console/middleware.rb:18:in `catch'
  web-console (2.3.0) lib/web_console/middleware.rb:18:in `call'
  actionpack (4.2.4) lib/action_dispatch/middleware/show_exceptions.rb:30:in `call'
  railties (4.2.4) lib/rails/rack/logger.rb:38:in `call_app'
  railties (4.2.4) lib/rails/rack/logger.rb:20:in `block in call'
  activesupport (4.2.4) lib/active_support/tagged_logging.rb:68:in `block in tagged'
  activesupport (4.2.4) lib/active_support/tagged_logging.rb:26:in `tagged'
  activesupport (4.2.4) lib/active_support/tagged_logging.rb:68:in `tagged'
  railties (4.2.4) lib/rails/rack/logger.rb:20:in `call'
  actionpack (4.2.4) lib/action_dispatch/middleware/request_id.rb:21:in `call'
  rack (1.6.4) lib/rack/methodoverride.rb:22:in `call'
  rack (1.6.4) lib/rack/runtime.rb:18:in `call'
  activesupport (4.2.4) lib/active_support/cache/strategy/local_cache_middleware.rb:28:in `call'
  rack (1.6.4) lib/rack/lock.rb:17:in `call'
  actionpack (4.2.4) lib/action_dispatch/middleware/static.rb:116:in `call'
  rack (1.6.4) lib/rack/sendfile.rb:113:in `call'
  railties (4.2.4) lib/rails/engine.rb:518:in `call'
  railties (4.2.4) lib/rails/application.rb:165:in `call'
  rack (1.6.4) lib/rack/lock.rb:17:in `call'
  rack (1.6.4) lib/rack/content_length.rb:15:in `call'
  rack (1.6.4) lib/rack/handler/webrick.rb:88:in `service'
  /home/fd/.rbenv/versions/2.2.3/lib/ruby/2.2.0/webrick/httpserver.rb:138:in `service'
  /home/fd/.rbenv/versions/2.2.3/lib/ruby/2.2.0/webrick/httpserver.rb:94:in `run'
  /home/fd/.rbenv/versions/2.2.3/lib/ruby/2.2.0/webrick/server.rb:294:in `block in start_thread'


  Rendered /home/fd/.rbenv/versions/2.2.3/lib/ruby/gems/2.2.0/gems/actionpack-4.2.4/lib/action_dispatch/middleware/templates/rescues/_trace.html.erb (2.0ms)
  Rendered /home/fd/.rbenv/versions/2.2.3/lib/ruby/gems/2.2.0/gems/actionpack-4.2.4/lib/action_dispatch/middleware/templates/routes/_route.html.erb (2.3ms)
  Rendered /home/fd/.rbenv/versions/2.2.3/lib/ruby/gems/2.2.0/gems/actionpack-4.2.4/lib/action_dispatch/middleware/templates/routes/_table.html.erb (1.8ms)
  Rendered /home/fd/.rbenv/versions/2.2.3/lib/ruby/gems/2.2.0/gems/actionpack-4.2.4/lib/action_dispatch/middleware/templates/rescues/_request_and_response.html.erb (1.5ms)
  Rendered /home/fd/.rbenv/versions/2.2.3/lib/ruby/gems/2.2.0/gems/actionpack-4.2.4/lib/action_dispatch/middleware/templates/rescues/routing_error.html.erb within rescues/layout (43.7ms)
  Rendered /home/fd/.rbenv/versions/2.2.3/lib/ruby/gems/2.2.0/gems/web-console-2.3.0/lib/web_console/templates/_markup.html.erb (0.5ms)
  Rendered /home/fd/.rbenv/versions/2.2.3/lib/ruby/gems/2.2.0/gems/web-console-2.3.0/lib/web_console/templates/_inner_console_markup.html.erb within layouts/inlined_string (0.3ms)
  Rendered /home/fd/.rbenv/versions/2.2.3/lib/ruby/gems/2.2.0/gems/web-console-2.3.0/lib/web_console/templates/_prompt_box_markup.html.erb within layouts/inlined_string (0.4ms)
  Rendered /home/fd/.rbenv/versions/2.2.3/lib/ruby/gems/2.2.0/gems/web-console-2.3.0/lib/web_console/templates/style.css.erb within layouts/inlined_string (0.3ms)
  Rendered /home/fd/.rbenv/versions/2.2.3/lib/ruby/gems/2.2.0/gems/web-console-2.3.0/lib/web_console/templates/console.js.erb within layouts/javascript (19.6ms)
  Rendered /home/fd/.rbenv/versions/2.2.3/lib/ruby/gems/2.2.0/gems/web-console-2.3.0/lib/web_console/templates/main.js.erb within layouts/javascript (0.4ms)
  Rendered /home/fd/.rbenv/versions/2.2.3/lib/ruby/gems/2.2.0/gems/web-console-2.3.0/lib/web_console/templates/error_page.js.erb within layouts/javascript (0.4ms)
  Rendered /home/fd/.rbenv/versions/2.2.3/lib/ruby/gems/2.2.0/gems/web-console-2.3.0/lib/web_console/templates/index.html.erb (39.1ms)


Started GET "/" for 127.0.0.1 at 2016-04-03 19:13:12 -0400
Processing by HomeController#index as HTML
  Rendered home/index.html.erb within layouts/application (0.1ms)
Completed 200 OK in 99ms (Views: 97.9ms | ActiveRecord: 0.0ms)


Started GET "/users/sign_up" for 127.0.0.1 at 2016-04-03 19:13:16 -0400
Processing by RegistrationsController#new as HTML
  Rendered devise/shared/_links.html.erb (0.3ms)
  Rendered devise/registrations/new.html.erb within layouts/application (3.5ms)
Completed 200 OK in 37ms (Views: 22.7ms | ActiveRecord: 1.0ms)


Started POST "/users" for 127.0.0.1 at 2016-04-03 19:13:39 -0400
Processing by RegistrationsController#create as HTML
  Parameters: {"utf8"=>"✓", "authenticity_token"=>"g6IpnNDissN8HtYy2XJDpbSgZJX15SnnpmCggGVAhgPu+OV+SeA4XYExAFz7Df5QQP9OVg6i3jEH53E+6q88dw==", "user"=>{"name"=>"Felix Decena", "email"=>"felixeroidis@hotmail.com", "password"=>"[FILTERED]", "password_confirmation"=>"[FILTERED]"}, "commit"=>"Sign up"}
  [1m[36m (0.1ms)[0m  [1mbegin transaction[0m
  [1m[35mUser Exists (0.2ms)[0m  SELECT  1 AS one FROM "users" WHERE "users"."email" = 'felixeroidis@hotmail.com' LIMIT 1
  [1m[36m (0.1ms)[0m  [1mrollback transaction[0m
  Rendered devise/shared/_links.html.erb (0.4ms)
  Rendered devise/registrations/new.html.erb within layouts/application (5.2ms)
Completed 200 OK in 148ms (Views: 31.6ms | ActiveRecord: 0.4ms)


Started POST "/users" for 127.0.0.1 at 2016-04-03 19:14:17 -0400
Processing by RegistrationsController#create as HTML
  Parameters: {"utf8"=>"✓", "authenticity_token"=>"w6fZZaZZQel5yX/3jcg1FoaRYkeT+mB0a46Y7PqJGdiu/RWHP1vLd4TmqZmvt4jjcs5IhGi9l6LKCUlSdWajrA==", "user"=>{"name"=>"Felix Decena", "email"=>"felixedecena@gmail.com", "password"=>"[FILTERED]", "password_confirmation"=>"[FILTERED]"}, "commit"=>"Sign up"}
  [1m[35m (0.1ms)[0m  begin transaction
  [1m[36mUser Exists (0.1ms)[0m  [1mSELECT  1 AS one FROM "users" WHERE "users"."email" = 'felixedecena@gmail.com' LIMIT 1[0m
  [1m[35mSQL (0.2ms)[0m  INSERT INTO "users" ("name", "email", "encrypted_password", "created_at", "updated_at") VALUES (?, ?, ?, ?, ?)  [["name", "Felix Decena"], ["email", "felixedecena@gmail.com"], ["encrypted_password", "$2a$10$jrVTiNvDF7YhcpcE0HYOc.Wzb2MOgWZvjQn1JCzR0QSWxotSk0l5e"], ["created_at", "2016-04-03 23:14:17.852981"], ["updated_at", "2016-04-03 23:14:17.852981"]]
  [1m[36m (70.5ms)[0m  [1mcommit transaction[0m
  [1m[35m (0.2ms)[0m  begin transaction
  [1m[36mSQL (0.6ms)[0m  [1mUPDATE "users" SET "last_sign_in_at" = ?, "current_sign_in_at" = ?, "last_sign_in_ip" = ?, "current_sign_in_ip" = ?, "sign_in_count" = ?, "updated_at" = ? WHERE "users"."id" = ?[0m  [["last_sign_in_at", "2016-04-03 23:14:17.926085"], ["current_sign_in_at", "2016-04-03 23:14:17.926085"], ["last_sign_in_ip", "127.0.0.1"], ["current_sign_in_ip", "127.0.0.1"], ["sign_in_count", 1], ["updated_at", "2016-04-03 23:14:17.927759"], ["id", 2]]
  [1m[35m (71.0ms)[0m  commit transaction
Redirected to http://localhost:3000/
Completed 302 Found in 255ms (ActiveRecord: 142.8ms)


Started GET "/" for 127.0.0.1 at 2016-04-03 19:14:18 -0400
Processing by HomeController#index as HTML
  [1m[36mUser Load (0.4ms)[0m  [1mSELECT  "users".* FROM "users" WHERE "users"."id" = ?  ORDER BY "users"."id" ASC LIMIT 1[0m  [["id", 2]]
Redirected to http://localhost:3000/posts
Completed 302 Found in 3ms (ActiveRecord: 0.4ms)


Started GET "/posts" for 127.0.0.1 at 2016-04-03 19:14:18 -0400
Processing by PostsController#index as HTML
  [1m[35mUser Load (0.1ms)[0m  SELECT  "users".* FROM "users" WHERE "users"."id" = ?  ORDER BY "users"."id" ASC LIMIT 1  [["id", 2]]
  [1m[36mPost Load (0.3ms)[0m  [1mSELECT "posts".* FROM "posts"[0m
  Rendered posts/index.html.erb within layouts/application (2.3ms)
Completed 200 OK in 32ms (Views: 26.6ms | ActiveRecord: 0.6ms)


Started GET "/posts/new" for 127.0.0.1 at 2016-04-03 19:14:30 -0400
Processing by PostsController#new as HTML
  [1m[35mUser Load (0.2ms)[0m  SELECT  "users".* FROM "users" WHERE "users"."id" = ?  ORDER BY "users"."id" ASC LIMIT 1  [["id", 2]]
  Rendered posts/_form.html.erb (24.7ms)
  Rendered posts/new.html.erb within layouts/application (26.5ms)
Completed 200 OK in 61ms (Views: 53.5ms | ActiveRecord: 0.3ms)


Started GET "/posts" for 127.0.0.1 at 2016-04-03 19:14:34 -0400
Processing by PostsController#index as HTML
  [1m[36mUser Load (0.2ms)[0m  [1mSELECT  "users".* FROM "users" WHERE "users"."id" = ?  ORDER BY "users"."id" ASC LIMIT 1[0m  [["id", 2]]
  [1m[35mPost Load (0.2ms)[0m  SELECT "posts".* FROM "posts"
  Rendered posts/index.html.erb within layouts/application (2.3ms)
Completed 200 OK in 33ms (Views: 30.4ms | ActiveRecord: 0.5ms)


Started DELETE "/users/sign_out" for 127.0.0.1 at 2016-04-03 19:14:46 -0400
Processing by Devise::SessionsController#destroy as HTML
  Parameters: {"authenticity_token"=>"rUE0Yw7eIZZAu6uwsQwjz5HCuHULLh1ADMNDj8EiaiXAG/iBl9yrCL2Ufd6Tc546ZZ2StvBp6patRJIxTs3QUQ=="}
  [1m[36mUser Load (0.2ms)[0m  [1mSELECT  "users".* FROM "users" WHERE "users"."id" = ?  ORDER BY "users"."id" ASC LIMIT 1[0m  [["id", 2]]
  [1m[35m (0.1ms)[0m  begin transaction
  [1m[36m (0.1ms)[0m  [1mcommit transaction[0m
Redirected to http://localhost:3000/
Completed 302 Found in 6ms (ActiveRecord: 0.4ms)


Started GET "/" for 127.0.0.1 at 2016-04-03 19:14:46 -0400
Processing by HomeController#index as HTML
  Rendered home/index.html.erb within layouts/application (0.1ms)
Completed 200 OK in 28ms (Views: 26.4ms | ActiveRecord: 0.0ms)


Started GET "/posts" for 127.0.0.1 at 2016-04-03 19:14:53 -0400
Processing by PostsController#index as HTML
Completed 401 Unauthorized in 1ms (ActiveRecord: 0.0ms)


Started GET "/users/sign_in" for 127.0.0.1 at 2016-04-03 19:14:53 -0400
Processing by Devise::SessionsController#new as HTML
  Rendered devise/shared/_links.html.erb (0.8ms)
  Rendered devise/sessions/new.html.erb within layouts/application (5.4ms)
Completed 200 OK in 30ms (Views: 28.3ms | ActiveRecord: 0.0ms)


Started POST "/users/sign_in" for 127.0.0.1 at 2016-04-03 19:15:03 -0400
Processing by Devise::SessionsController#create as HTML
  Parameters: {"utf8"=>"✓", "authenticity_token"=>"jzVmdgVkyU4tSCrAi83L+QeqzCk00Vm+Xm9urN72PyN/tTqtgKaN1m5Heh/t2ony7cThMeYbmV457G6OMmTC2Q==", "user"=>{"email"=>"felixedecena@gmail.com", "password"=>"[FILTERED]", "remember_me"=>"0"}, "commit"=>"Log in"}
  [1m[35mUser Load (0.5ms)[0m  SELECT  "users".* FROM "users" WHERE "users"."email" = ?  ORDER BY "users"."id" ASC LIMIT 1  [["email", "felixedecena@gmail.com"]]
  [1m[36m (0.1ms)[0m  [1mbegin transaction[0m
  [1m[35mSQL (0.2ms)[0m  UPDATE "users" SET "current_sign_in_at" = ?, "sign_in_count" = ?, "updated_at" = ? WHERE "users"."id" = ?  [["current_sign_in_at", "2016-04-03 23:15:03.407851"], ["sign_in_count", 2], ["updated_at", "2016-04-03 23:15:03.408687"], ["id", 2]]
  [1m[36m (49.9ms)[0m  [1mcommit transaction[0m
Redirected to http://localhost:3000/posts
Completed 302 Found in 164ms (ActiveRecord: 50.7ms)


Started GET "/posts" for 127.0.0.1 at 2016-04-03 19:15:03 -0400
Processing by PostsController#index as HTML
  [1m[35mUser Load (0.2ms)[0m  SELECT  "users".* FROM "users" WHERE "users"."id" = ?  ORDER BY "users"."id" ASC LIMIT 1  [["id", 2]]
  [1m[36mPost Load (0.2ms)[0m  [1mSELECT "posts".* FROM "posts"[0m
  Rendered posts/index.html.erb within layouts/application (0.8ms)
Completed 200 OK in 23ms (Views: 20.4ms | ActiveRecord: 0.4ms)


Started DELETE "/users/sign_out" for 127.0.0.1 at 2016-04-03 19:19:21 -0400
Processing by Devise::SessionsController#destroy as HTML
  Parameters: {"authenticity_token"=>"fvtUd3hQyLnOcCjeequoclUdol0Up+5gSSuJvP8pcDJNpIaVWzn275Ni9kjHDj7Lh0dcAihdZHlIFmbn/ALlXw=="}
  [1m[35mUser Load (0.2ms)[0m  SELECT  "users".* FROM "users" WHERE "users"."id" = ?  ORDER BY "users"."id" ASC LIMIT 1  [["id", 2]]
  [1m[36m (0.1ms)[0m  [1mbegin transaction[0m
  [1m[35m (0.1ms)[0m  commit transaction
Redirected to http://localhost:3000/
Completed 302 Found in 9ms (ActiveRecord: 0.4ms)


Started GET "/" for 127.0.0.1 at 2016-04-03 19:19:21 -0400
Processing by HomeController#index as HTML
  Rendered home/index.html.erb within layouts/application (0.1ms)
Completed 200 OK in 26ms (Views: 24.5ms | ActiveRecord: 0.0ms)


Started GET "/users/sign_in" for 127.0.0.1 at 2016-04-03 19:28:09 -0400
Processing by Devise::SessionsController#new as HTML
  Rendered devise/shared/_links.html.erb (0.5ms)
  Rendered devise/sessions/new.html.erb within layouts/application (4.1ms)
Completed 200 OK in 32ms (Views: 30.2ms | ActiveRecord: 0.0ms)


Started POST "/users/sign_in" for 127.0.0.1 at 2016-04-03 19:28:10 -0400
Processing by Devise::SessionsController#create as HTML
  Parameters: {"utf8"=>"✓", "authenticity_token"=>"XlR+K6q4+xjFgwm5ooWjrk2qbdTlSrmOctfnH1UKwT54T7aMdsFamD9jvAH0MEv1iBPHGe7aStNA1MFvxiaaKQ==", "user"=>{"email"=>"felixedecena@gmail.com", "password"=>"[FILTERED]", "remember_me"=>"0"}, "commit"=>"Log in"}
  [1m[36mUser Load (0.2ms)[0m  [1mSELECT  "users".* FROM "users" WHERE "users"."email" = ?  ORDER BY "users"."id" ASC LIMIT 1[0m  [["email", "felixedecena@gmail.com"]]
  [1m[35m (0.1ms)[0m  begin transaction
  [1m[36mSQL (0.2ms)[0m  [1mUPDATE "users" SET "last_sign_in_at" = ?, "current_sign_in_at" = ?, "sign_in_count" = ?, "updated_at" = ? WHERE "users"."id" = ?[0m  [["last_sign_in_at", "2016-04-03 23:15:03.407851"], ["current_sign_in_at", "2016-04-03 23:28:11.073760"], ["sign_in_count", 3], ["updated_at", "2016-04-03 23:28:11.074510"], ["id", 2]]
  [1m[35m (59.6ms)[0m  commit transaction
Redirected to http://localhost:3000/
Completed 302 Found in 172ms (ActiveRecord: 60.0ms)


Started GET "/" for 127.0.0.1 at 2016-04-03 19:28:11 -0400
Processing by HomeController#index as HTML
  [1m[36mUser Load (0.1ms)[0m  [1mSELECT  "users".* FROM "users" WHERE "users"."id" = ?  ORDER BY "users"."id" ASC LIMIT 1[0m  [["id", 2]]
Redirected to http://localhost:3000/posts
Completed 302 Found in 2ms (ActiveRecord: 0.1ms)


Started GET "/posts" for 127.0.0.1 at 2016-04-03 19:28:11 -0400
Processing by PostsController#index as HTML
  [1m[35mUser Load (0.1ms)[0m  SELECT  "users".* FROM "users" WHERE "users"."id" = ?  ORDER BY "users"."id" ASC LIMIT 1  [["id", 2]]
  [1m[36mPost Load (0.3ms)[0m  [1mSELECT "posts".* FROM "posts"[0m
  Rendered posts/index.html.erb within layouts/application (2.2ms)
Completed 200 OK in 20ms (Views: 18.3ms | ActiveRecord: 0.4ms)


Started GET "/posts/new" for 127.0.0.1 at 2016-04-03 19:28:13 -0400
Processing by PostsController#new as HTML
  [1m[35mUser Load (0.2ms)[0m  SELECT  "users".* FROM "users" WHERE "users"."id" = ?  ORDER BY "users"."id" ASC LIMIT 1  [["id", 2]]
  Rendered posts/_form.html.erb (3.7ms)
  Rendered posts/new.html.erb within layouts/application (5.0ms)
Completed 200 OK in 25ms (Views: 22.8ms | ActiveRecord: 0.2ms)


Started POST "/posts" for 127.0.0.1 at 2016-04-03 19:28:56 -0400
Processing by PostsController#create as HTML
  Parameters: {"utf8"=>"✓", "authenticity_token"=>"4Xsd8UPNo4KShPLbDLZiwT8Aqavf13S8jmTnJxpCJxo2vz95/kkFFF8ctnYYCIuhwz5ewt0xy7ughsWXa4UnbA==", "post"=>{"title"=>"Posteando algo", "content"=>"The Devise Wiki has lots of additional information about Devise including many \"how-to\" articles and answers to the most frequently asked questions. Please browse the Wiki after finishing this README:"}, "commit"=>"Create Post"}
  [1m[36mUser Load (0.2ms)[0m  [1mSELECT  "users".* FROM "users" WHERE "users"."id" = ?  ORDER BY "users"."id" ASC LIMIT 1[0m  [["id", 2]]
  [1m[35m (0.1ms)[0m  begin transaction
  [1m[36mSQL (0.4ms)[0m  [1mINSERT INTO "posts" ("title", "content", "created_at", "updated_at") VALUES (?, ?, ?, ?)[0m  [["title", "Posteando algo"], ["content", "The Devise Wiki has lots of additional information about Devise including many \"how-to\" articles and answers to the most frequently asked questions. Please browse the Wiki after finishing this README:"], ["created_at", "2016-04-03 23:28:56.806877"], ["updated_at", "2016-04-03 23:28:56.806877"]]
  [1m[35m (206.3ms)[0m  commit transaction
Redirected to http://localhost:3000/posts/1
Completed 302 Found in 213ms (ActiveRecord: 206.9ms)


Started GET "/posts/1" for 127.0.0.1 at 2016-04-03 19:28:57 -0400
Processing by PostsController#show as HTML
  Parameters: {"id"=>"1"}
  [1m[36mUser Load (0.2ms)[0m  [1mSELECT  "users".* FROM "users" WHERE "users"."id" = ?  ORDER BY "users"."id" ASC LIMIT 1[0m  [["id", 2]]
  [1m[35mPost Load (0.4ms)[0m  SELECT  "posts".* FROM "posts" WHERE "posts"."id" = ? LIMIT 1  [["id", 1]]
  Rendered posts/show.html.erb within layouts/application (1.2ms)
Completed 200 OK in 48ms (Views: 35.6ms | ActiveRecord: 0.6ms)


Started GET "/posts" for 127.0.0.1 at 2016-04-03 19:29:01 -0400
Processing by PostsController#index as HTML
  [1m[36mUser Load (0.2ms)[0m  [1mSELECT  "users".* FROM "users" WHERE "users"."id" = ?  ORDER BY "users"."id" ASC LIMIT 1[0m  [["id", 2]]
  [1m[35mPost Load (0.2ms)[0m  SELECT "posts".* FROM "posts"
  Rendered posts/index.html.erb within layouts/application (2.7ms)
Completed 200 OK in 32ms (Views: 29.7ms | ActiveRecord: 0.4ms)
  [1m[36mActiveRecord::SchemaMigration Load (0.1ms)[0m  [1mSELECT "schema_migrations".* FROM "schema_migrations"[0m
Migrating to CreateComments (20160403233804)
  [1m[35m (0.1ms)[0m  begin transaction
  [1m[36m (0.3ms)[0m  [1mCREATE TABLE "comments" ("id" INTEGER PRIMARY KEY AUTOINCREMENT NOT NULL, "content" text, "post_id" integer, "created_at" datetime NOT NULL, "updated_at" datetime NOT NULL) [0m
  [1m[35mSQL (0.2ms)[0m  INSERT INTO "schema_migrations" ("version") VALUES (?)  [["version", "20160403233804"]]
  [1m[36m (107.2ms)[0m  [1mcommit transaction[0m
  [1m[35mActiveRecord::SchemaMigration Load (0.2ms)[0m  SELECT "schema_migrations".* FROM "schema_migrations"
  [1m[36m (0.3ms)[0m  [1m            SELECT sql
            FROM sqlite_master
            WHERE name='index_users_on_reset_password_token' AND type='index'
            UNION ALL
            SELECT sql
            FROM sqlite_temp_master
            WHERE name='index_users_on_reset_password_token' AND type='index'
[0m
  [1m[35m (0.2ms)[0m              SELECT sql
            FROM sqlite_master
            WHERE name='index_users_on_email' AND type='index'
            UNION ALL
            SELECT sql
            FROM sqlite_temp_master
            WHERE name='index_users_on_email' AND type='index'



Started GET "/posts" for 127.0.0.1 at 2016-04-04 19:23:34 -0400
  [1m[36mActiveRecord::SchemaMigration Load (0.1ms)[0m  [1mSELECT "schema_migrations".* FROM "schema_migrations"[0m
Processing by PostsController#index as HTML
  [1m[35mUser Load (0.4ms)[0m  SELECT  "users".* FROM "users" WHERE "users"."id" = ?  ORDER BY "users"."id" ASC LIMIT 1  [["id", 2]]
Completed 500 Internal Server Error in 38ms (ActiveRecord: 1.1ms)

NoMethodError (undefined method `has_meny' for #<Class:0x00560965a45a50>):
  app/models/post.rb:3:in `<class:Post>'
  app/models/post.rb:1:in `<top (required)>'
  app/controllers/posts_controller.rb:8:in `index'


  Rendered /home/fd/.rbenv/versions/2.2.3/lib/ruby/gems/2.2.0/gems/actionpack-4.2.4/lib/action_dispatch/middleware/templates/rescues/_source.erb (6.6ms)
  Rendered /home/fd/.rbenv/versions/2.2.3/lib/ruby/gems/2.2.0/gems/actionpack-4.2.4/lib/action_dispatch/middleware/templates/rescues/_trace.html.erb (2.6ms)
  Rendered /home/fd/.rbenv/versions/2.2.3/lib/ruby/gems/2.2.0/gems/actionpack-4.2.4/lib/action_dispatch/middleware/templates/rescues/_request_and_response.html.erb (1.0ms)
  Rendered /home/fd/.rbenv/versions/2.2.3/lib/ruby/gems/2.2.0/gems/actionpack-4.2.4/lib/action_dispatch/middleware/templates/rescues/diagnostics.html.erb within rescues/layout (27.1ms)
  Rendered /home/fd/.rbenv/versions/2.2.3/lib/ruby/gems/2.2.0/gems/web-console-2.3.0/lib/web_console/templates/_markup.html.erb (0.4ms)
  Rendered /home/fd/.rbenv/versions/2.2.3/lib/ruby/gems/2.2.0/gems/web-console-2.3.0/lib/web_console/templates/_inner_console_markup.html.erb within layouts/inlined_string (0.4ms)
  Rendered /home/fd/.rbenv/versions/2.2.3/lib/ruby/gems/2.2.0/gems/web-console-2.3.0/lib/web_console/templates/_prompt_box_markup.html.erb within layouts/inlined_string (0.3ms)
  Rendered /home/fd/.rbenv/versions/2.2.3/lib/ruby/gems/2.2.0/gems/web-console-2.3.0/lib/web_console/templates/style.css.erb within layouts/inlined_string (0.3ms)
  Rendered /home/fd/.rbenv/versions/2.2.3/lib/ruby/gems/2.2.0/gems/web-console-2.3.0/lib/web_console/templates/console.js.erb within layouts/javascript (26.3ms)
  Rendered /home/fd/.rbenv/versions/2.2.3/lib/ruby/gems/2.2.0/gems/web-console-2.3.0/lib/web_console/templates/main.js.erb within layouts/javascript (0.4ms)
  Rendered /home/fd/.rbenv/versions/2.2.3/lib/ruby/gems/2.2.0/gems/web-console-2.3.0/lib/web_console/templates/error_page.js.erb within layouts/javascript (0.4ms)
  Rendered /home/fd/.rbenv/versions/2.2.3/lib/ruby/gems/2.2.0/gems/web-console-2.3.0/lib/web_console/templates/index.html.erb (47.9ms)


Started GET "/posts" for 127.0.0.1 at 2016-04-04 19:24:09 -0400
Processing by PostsController#index as HTML
  [1m[36mUser Load (0.2ms)[0m  [1mSELECT  "users".* FROM "users" WHERE "users"."id" = ?  ORDER BY "users"."id" ASC LIMIT 1[0m  [["id", 2]]
  [1m[35mPost Load (0.2ms)[0m  SELECT "posts".* FROM "posts"
  Rendered posts/index.html.erb within layouts/application (7.2ms)
Completed 200 OK in 347ms (Views: 331.5ms | ActiveRecord: 1.3ms)


Started GET "/assets/posts.self-e3b0c44298fc1c149afbf4c8996fb92427ae41e4649b934ca495991b7852b855.css?body=1" for 127.0.0.1 at 2016-04-04 19:24:09 -0400


Started GET "/assets/application.self-e80e8f2318043e8af94dddc2adad5a4f09739a8ebb323b3ab31cd71d45fd9113.css?body=1" for 127.0.0.1 at 2016-04-04 19:24:09 -0400


Started GET "/assets/home.self-e3b0c44298fc1c149afbf4c8996fb92427ae41e4649b934ca495991b7852b855.css?body=1" for 127.0.0.1 at 2016-04-04 19:24:09 -0400


Started GET "/assets/jquery_ujs.self-e87806d0cf4489aeb1bb7288016024e8de67fd18db693fe026fe3907581e53cd.js?body=1" for 127.0.0.1 at 2016-04-04 19:24:09 -0400


Started GET "/assets/jquery.self-660adc51e0224b731d29f575a6f1ec167ba08ad06ed5deca4f1e8654c135bf4c.js?body=1" for 127.0.0.1 at 2016-04-04 19:24:09 -0400


Started GET "/assets/scaffolds.self-616d811807d668015dd1d21308251bcaaadd02c129873150cbfb8dbff690dc28.css?body=1" for 127.0.0.1 at 2016-04-04 19:24:09 -0400


Started GET "/assets/turbolinks.self-c37727e9bd6b2735da5c311aa83fead54ed0be6cc8bd9a65309e9c5abe2cbfff.js?body=1" for 127.0.0.1 at 2016-04-04 19:24:09 -0400


Started GET "/assets/home.self-877aef30ae1b040ab8a3aba4e3e309a11d7f2612f44dde450b5c157aa5f95c05.js?body=1" for 127.0.0.1 at 2016-04-04 19:24:09 -0400


Started GET "/assets/posts.self-877aef30ae1b040ab8a3aba4e3e309a11d7f2612f44dde450b5c157aa5f95c05.js?body=1" for 127.0.0.1 at 2016-04-04 19:24:09 -0400


Started GET "/assets/application.self-3b8dabdc891efe46b9a144b400ad69e37d7e5876bdc39dee783419a69d7ca819.js?body=1" for 127.0.0.1 at 2016-04-04 19:24:09 -0400


Started GET "/posts/1" for 127.0.0.1 at 2016-04-04 19:24:16 -0400
Processing by PostsController#show as HTML
  Parameters: {"id"=>"1"}
  [1m[36mUser Load (0.2ms)[0m  [1mSELECT  "users".* FROM "users" WHERE "users"."id" = ?  ORDER BY "users"."id" ASC LIMIT 1[0m  [["id", 2]]
  [1m[35mPost Load (0.3ms)[0m  SELECT  "posts".* FROM "posts" WHERE "posts"."id" = ? LIMIT 1  [["id", 1]]
  Rendered comments/_form.html.erb (95.7ms)
  Rendered posts/show.html.erb within layouts/application (98.4ms)
Completed 200 OK in 126ms (Views: 120.2ms | ActiveRecord: 0.9ms)


Started POST "/posts/1/comments" for 127.0.0.1 at 2016-04-04 19:24:24 -0400
Processing by CommentsController#create as HTML
  Parameters: {"utf8"=>"✓", "authenticity_token"=>"7FPso8qjSQQgqN+D1Jj1FmKGd8i1eHVgFgsnedxgt487l84rdyfvku0wmy7AJhx2nriAobeeymc46QXJrae3+Q==", "comment"=>{"content"=>"Testing"}, "commit"=>"Create Comment", "post_id"=>"1"}
  [1m[36mPost Load (0.1ms)[0m  [1mSELECT  "posts".* FROM "posts" WHERE "posts"."id" = ? LIMIT 1[0m  [["id", 1]]
  [1m[35m (0.1ms)[0m  begin transaction
  [1m[36mSQL (0.3ms)[0m  [1mINSERT INTO "comments" ("content", "post_id", "created_at", "updated_at") VALUES (?, ?, ?, ?)[0m  [["content", "Testing"], ["post_id", 1], ["created_at", "2016-04-04 23:24:24.584191"], ["updated_at", "2016-04-04 23:24:24.584191"]]
  [1m[35m (70.0ms)[0m  commit transaction
Redirected to http://localhost:3000/posts/1
Completed 302 Found in 76ms (ActiveRecord: 70.6ms)


Started GET "/posts/1" for 127.0.0.1 at 2016-04-04 19:24:24 -0400
Processing by PostsController#show as HTML
  Parameters: {"id"=>"1"}
  [1m[36mUser Load (0.1ms)[0m  [1mSELECT  "users".* FROM "users" WHERE "users"."id" = ?  ORDER BY "users"."id" ASC LIMIT 1[0m  [["id", 2]]
  [1m[35mPost Load (0.1ms)[0m  SELECT  "posts".* FROM "posts" WHERE "posts"."id" = ? LIMIT 1  [["id", 1]]
  Rendered comments/_form.html.erb (2.9ms)
  Rendered posts/show.html.erb within layouts/application (4.7ms)
Completed 200 OK in 29ms (Views: 26.1ms | ActiveRecord: 0.2ms)


Started GET "/posts" for 127.0.0.1 at 2016-04-04 19:24:29 -0400
Processing by PostsController#index as HTML
  [1m[36mUser Load (0.2ms)[0m  [1mSELECT  "users".* FROM "users" WHERE "users"."id" = ?  ORDER BY "users"."id" ASC LIMIT 1[0m  [["id", 2]]
  [1m[35mPost Load (0.3ms)[0m  SELECT "posts".* FROM "posts"
  Rendered posts/index.html.erb within layouts/application (3.8ms)
Completed 200 OK in 34ms (Views: 31.3ms | ActiveRecord: 0.5ms)


Started GET "/posts/1" for 127.0.0.1 at 2016-04-04 19:24:32 -0400
Processing by PostsController#show as HTML
  Parameters: {"id"=>"1"}
  [1m[36mUser Load (0.2ms)[0m  [1mSELECT  "users".* FROM "users" WHERE "users"."id" = ?  ORDER BY "users"."id" ASC LIMIT 1[0m  [["id", 2]]
  [1m[35mPost Load (0.1ms)[0m  SELECT  "posts".* FROM "posts" WHERE "posts"."id" = ? LIMIT 1  [["id", 1]]
  Rendered comments/_form.html.erb (3.6ms)
  Rendered posts/show.html.erb within layouts/application (5.3ms)
Completed 200 OK in 34ms (Views: 31.1ms | ActiveRecord: 0.3ms)


Started GET "/posts" for 127.0.0.1 at 2016-04-04 19:24:53 -0400
Processing by PostsController#index as HTML
  [1m[36mUser Load (0.2ms)[0m  [1mSELECT  "users".* FROM "users" WHERE "users"."id" = ?  ORDER BY "users"."id" ASC LIMIT 1[0m  [["id", 2]]
  [1m[35mPost Load (0.3ms)[0m  SELECT "posts".* FROM "posts"
  Rendered posts/index.html.erb within layouts/application (1.9ms)
Completed 200 OK in 33ms (Views: 29.9ms | ActiveRecord: 0.5ms)


Started GET "/posts/1" for 127.0.0.1 at 2016-04-04 19:25:11 -0400
Processing by PostsController#show as HTML
  Parameters: {"id"=>"1"}
  [1m[36mUser Load (0.2ms)[0m  [1mSELECT  "users".* FROM "users" WHERE "users"."id" = ?  ORDER BY "users"."id" ASC LIMIT 1[0m  [["id", 2]]
  [1m[35mPost Load (0.1ms)[0m  SELECT  "posts".* FROM "posts" WHERE "posts"."id" = ? LIMIT 1  [["id", 1]]
  Rendered comments/_form.html.erb (3.5ms)
  Rendered posts/show.html.erb within layouts/application (5.1ms)
Completed 200 OK in 56ms (Views: 52.3ms | ActiveRecord: 0.3ms)


Started GET "/posts" for 127.0.0.1 at 2016-04-04 19:31:45 -0400
Processing by PostsController#index as HTML
  [1m[36mUser Load (0.2ms)[0m  [1mSELECT  "users".* FROM "users" WHERE "users"."id" = ?  ORDER BY "users"."id" ASC LIMIT 1[0m  [["id", 2]]
  [1m[35mPost Load (0.2ms)[0m  SELECT "posts".* FROM "posts"
  Rendered posts/index.html.erb within layouts/application (1.8ms)
Completed 200 OK in 32ms (Views: 28.6ms | ActiveRecord: 0.4ms)


Started GET "/posts/1" for 127.0.0.1 at 2016-04-04 19:31:48 -0400
Processing by PostsController#show as HTML
  Parameters: {"id"=>"1"}
  [1m[36mUser Load (0.2ms)[0m  [1mSELECT  "users".* FROM "users" WHERE "users"."id" = ?  ORDER BY "users"."id" ASC LIMIT 1[0m  [["id", 2]]
  [1m[35mPost Load (0.1ms)[0m  SELECT  "posts".* FROM "posts" WHERE "posts"."id" = ? LIMIT 1  [["id", 1]]
  [1m[36mComment Load (0.5ms)[0m  [1mSELECT "comments".* FROM "comments" WHERE "comments"."post_id" = ?[0m  [["post_id", 1]]
  Rendered comments/_comment.html.erb (0.9ms)
  Rendered comments/_form.html.erb (2.9ms)
  Rendered posts/show.html.erb within layouts/application (10.9ms)
Completed 200 OK in 41ms (Views: 36.8ms | ActiveRecord: 0.8ms)


Started GET "/posts" for 127.0.0.1 at 2016-04-04 21:11:35 -0400
  [1m[36mActiveRecord::SchemaMigration Load (0.2ms)[0m  [1mSELECT "schema_migrations".* FROM "schema_migrations"[0m
Processing by PostsController#index as HTML
  [1m[35mUser Load (0.3ms)[0m  SELECT  "users".* FROM "users" WHERE "users"."id" = ?  ORDER BY "users"."id" ASC LIMIT 1  [["id", 2]]
  [1m[36mPost Load (0.2ms)[0m  [1mSELECT "posts".* FROM "posts"[0m
  Rendered posts/index.html.erb within layouts/application (7.7ms)
Completed 200 OK in 233ms (Views: 194.4ms | ActiveRecord: 1.2ms)


Started GET "/posts/new" for 127.0.0.1 at 2016-04-04 21:11:39 -0400
Processing by PostsController#new as HTML
  [1m[35mUser Load (0.2ms)[0m  SELECT  "users".* FROM "users" WHERE "users"."id" = ?  ORDER BY "users"."id" ASC LIMIT 1  [["id", 2]]
  Rendered posts/_form.html.erb (27.5ms)
  Rendered posts/new.html.erb within layouts/application (33.9ms)
Completed 200 OK in 61ms (Views: 57.8ms | ActiveRecord: 0.2ms)


Started POST "/posts" for 127.0.0.1 at 2016-04-04 21:11:54 -0400
Processing by PostsController#create as HTML
  Parameters: {"utf8"=>"✓", "authenticity_token"=>"V3oBtxAzfN3VwW3KLRir/IcZ2GNgun/+gpDNWlHcJ0eAviM/rbfaSxhZKWc5pkKceycvCmJcwPmscu/qIBsnMQ==", "post"=>{"title"=>"Testing post", "content"=>"Testing post with email"}, "commit"=>"Create Post"}
  [1m[36mUser Load (0.2ms)[0m  [1mSELECT  "users".* FROM "users" WHERE "users"."id" = ?  ORDER BY "users"."id" ASC LIMIT 1[0m  [["id", 2]]
  [1m[35m (0.2ms)[0m  begin transaction
  [1m[36mSQL (0.4ms)[0m  [1mINSERT INTO "posts" ("title", "content", "user_id", "created_at", "updated_at") VALUES (?, ?, ?, ?, ?)[0m  [["title", "Testing post"], ["content", "Testing post with email"], ["user_id", 2], ["created_at", "2016-04-05 01:11:54.854698"], ["updated_at", "2016-04-05 01:11:54.854698"]]
  [1m[35m (165.1ms)[0m  commit transaction
Completed 500 Internal Server Error in 196ms (ActiveRecord: 165.8ms)

SyntaxError (/home/fd/rails/mymailapp/app/mailers/post_mailer.rb:4: syntax error, unexpected tLABEL
  	mail (to: user.email,
  	         ^
/home/fd/rails/mymailapp/app/mailers/post_mailer.rb:5: syntax error, unexpected tLABEL, expecting '='
  		  from: "services@gmail.com",
  		       ^
/home/fd/rails/mymailapp/app/mailers/post_mailer.rb:5: syntax error, unexpected ',', expecting keyword_end
/home/fd/rails/mymailapp/app/mailers/post_mailer.rb:6: syntax error, unexpected ',', expecting keyword_end
/home/fd/rails/mymailapp/app/mailers/post_mailer.rb:8: syntax error, unexpected ')', expecting keyword_end):
  app/mailers/post_mailer.rb:4: syntax error, unexpected tLABEL
  app/mailers/post_mailer.rb:5: syntax error, unexpected tLABEL, expecting '='
  app/mailers/post_mailer.rb:5: syntax error, unexpected ',', expecting keyword_end
  app/mailers/post_mailer.rb:6: syntax error, unexpected ',', expecting keyword_end
  app/mailers/post_mailer.rb:8: syntax error, unexpected ')', expecting keyword_end
  app/controllers/posts_controller.rb:34:in `block in create'
  app/controllers/posts_controller.rb:31:in `create'


  Rendered /home/fd/.rbenv/versions/2.2.3/lib/ruby/gems/2.2.0/gems/actionpack-4.2.4/lib/action_dispatch/middleware/templates/rescues/_source.erb (12.1ms)
  Rendered /home/fd/.rbenv/versions/2.2.3/lib/ruby/gems/2.2.0/gems/actionpack-4.2.4/lib/action_dispatch/middleware/templates/rescues/_trace.html.erb (6.4ms)
  Rendered /home/fd/.rbenv/versions/2.2.3/lib/ruby/gems/2.2.0/gems/actionpack-4.2.4/lib/action_dispatch/middleware/templates/rescues/_request_and_response.html.erb (2.0ms)
  Rendered /home/fd/.rbenv/versions/2.2.3/lib/ruby/gems/2.2.0/gems/actionpack-4.2.4/lib/action_dispatch/middleware/templates/rescues/diagnostics.html.erb within rescues/layout (36.9ms)
  Rendered /home/fd/.rbenv/versions/2.2.3/lib/ruby/gems/2.2.0/gems/web-console-2.3.0/lib/web_console/templates/_markup.html.erb (1.7ms)
  Rendered /home/fd/.rbenv/versions/2.2.3/lib/ruby/gems/2.2.0/gems/web-console-2.3.0/lib/web_console/templates/_inner_console_markup.html.erb within layouts/inlined_string (0.3ms)
  Rendered /home/fd/.rbenv/versions/2.2.3/lib/ruby/gems/2.2.0/gems/web-console-2.3.0/lib/web_console/templates/_prompt_box_markup.html.erb within layouts/inlined_string (0.3ms)
  Rendered /home/fd/.rbenv/versions/2.2.3/lib/ruby/gems/2.2.0/gems/web-console-2.3.0/lib/web_console/templates/style.css.erb within layouts/inlined_string (0.7ms)
  Rendered /home/fd/.rbenv/versions/2.2.3/lib/ruby/gems/2.2.0/gems/web-console-2.3.0/lib/web_console/templates/console.js.erb within layouts/javascript (20.9ms)
  Rendered /home/fd/.rbenv/versions/2.2.3/lib/ruby/gems/2.2.0/gems/web-console-2.3.0/lib/web_console/templates/main.js.erb within layouts/javascript (0.6ms)
  Rendered /home/fd/.rbenv/versions/2.2.3/lib/ruby/gems/2.2.0/gems/web-console-2.3.0/lib/web_console/templates/error_page.js.erb within layouts/javascript (0.4ms)
  Rendered /home/fd/.rbenv/versions/2.2.3/lib/ruby/gems/2.2.0/gems/web-console-2.3.0/lib/web_console/templates/index.html.erb (43.7ms)


Started POST "/posts" for 127.0.0.1 at 2016-04-04 21:13:19 -0400
Processing by PostsController#create as HTML
  Parameters: {"utf8"=>"✓", "authenticity_token"=>"V3oBtxAzfN3VwW3KLRir/IcZ2GNgun/+gpDNWlHcJ0eAviM/rbfaSxhZKWc5pkKceycvCmJcwPmscu/qIBsnMQ==", "post"=>{"title"=>"Testing post", "content"=>"Testing post with email"}, "commit"=>"Create Post"}
  [1m[36mUser Load (0.2ms)[0m  [1mSELECT  "users".* FROM "users" WHERE "users"."id" = ?  ORDER BY "users"."id" ASC LIMIT 1[0m  [["id", 2]]
  [1m[35m (0.1ms)[0m  begin transaction
  [1m[36mSQL (0.2ms)[0m  [1mINSERT INTO "posts" ("title", "content", "user_id", "created_at", "updated_at") VALUES (?, ?, ?, ?, ?)[0m  [["title", "Testing post"], ["content", "Testing post with email"], ["user_id", 2], ["created_at", "2016-04-05 01:13:19.819983"], ["updated_at", "2016-04-05 01:13:19.819983"]]
  [1m[35m (79.6ms)[0m  commit transaction
DEPRECATION WARNING: `#deliver` is deprecated and will be removed in Rails 5. Use `#deliver_now` to deliver immediately or `#deliver_later` to deliver through Active Job. (called from block in create at /home/fd/rails/mymailapp/app/controllers/posts_controller.rb:34)

PostMailer#post_created: processed outbound mail in 210.7ms

Sent mail to felixedecena@gmail.com (4511.4ms)
Date: Mon, 04 Apr 2016 21:13:20 -0400
From: services@gmail.com
To: felixedecena@gmail.com
Message-ID: <5703113022ad6_49353fe73077043c95953@fd-lt.mail>
Subject: Your post was created
Mime-Version: 1.0
Content-Type: text/plain;
 charset=UTF-8
Content-Transfer-Encoding: 7bit

This is my first Mailer!
Redirected to http://localhost:3000/posts/3
Completed 302 Found in 4866ms (ActiveRecord: 81.2ms)


Started GET "/posts/3" for 127.0.0.1 at 2016-04-04 21:13:24 -0400
Processing by PostsController#show as HTML
  Parameters: {"id"=>"3"}
  [1m[36mUser Load (0.2ms)[0m  [1mSELECT  "users".* FROM "users" WHERE "users"."id" = ?  ORDER BY "users"."id" ASC LIMIT 1[0m  [["id", 2]]
  [1m[35mPost Load (0.4ms)[0m  SELECT  "posts".* FROM "posts" WHERE "posts"."id" = ? LIMIT 1  [["id", 3]]
  [1m[36mComment Load (0.2ms)[0m  [1mSELECT "comments".* FROM "comments" WHERE "comments"."post_id" = ?[0m  [["post_id", 3]]
  Rendered collection (0.0ms)
  Rendered comments/_form.html.erb (11.2ms)
  Rendered posts/show.html.erb within layouts/application (20.4ms)
Completed 200 OK in 49ms (Views: 42.0ms | ActiveRecord: 1.2ms)


Started GET "/assets/home.self-e3b0c44298fc1c149afbf4c8996fb92427ae41e4649b934ca495991b7852b855.css?body=1" for 127.0.0.1 at 2016-04-04 21:13:24 -0400


Started GET "/assets/jquery_ujs.self-e87806d0cf4489aeb1bb7288016024e8de67fd18db693fe026fe3907581e53cd.js?body=1" for 127.0.0.1 at 2016-04-04 21:13:24 -0400


Started GET "/assets/jquery.self-660adc51e0224b731d29f575a6f1ec167ba08ad06ed5deca4f1e8654c135bf4c.js?body=1" for 127.0.0.1 at 2016-04-04 21:13:24 -0400


Started GET "/assets/application.self-e80e8f2318043e8af94dddc2adad5a4f09739a8ebb323b3ab31cd71d45fd9113.css?body=1" for 127.0.0.1 at 2016-04-04 21:13:24 -0400


Started GET "/assets/scaffolds.self-616d811807d668015dd1d21308251bcaaadd02c129873150cbfb8dbff690dc28.css?body=1" for 127.0.0.1 at 2016-04-04 21:13:24 -0400


Started GET "/assets/posts.self-e3b0c44298fc1c149afbf4c8996fb92427ae41e4649b934ca495991b7852b855.css?body=1" for 127.0.0.1 at 2016-04-04 21:13:24 -0400


Started GET "/assets/turbolinks.self-c37727e9bd6b2735da5c311aa83fead54ed0be6cc8bd9a65309e9c5abe2cbfff.js?body=1" for 127.0.0.1 at 2016-04-04 21:13:24 -0400


Started GET "/assets/home.self-877aef30ae1b040ab8a3aba4e3e309a11d7f2612f44dde450b5c157aa5f95c05.js?body=1" for 127.0.0.1 at 2016-04-04 21:13:24 -0400


Started GET "/assets/posts.self-877aef30ae1b040ab8a3aba4e3e309a11d7f2612f44dde450b5c157aa5f95c05.js?body=1" for 127.0.0.1 at 2016-04-04 21:13:24 -0400


Started GET "/assets/application.self-3b8dabdc891efe46b9a144b400ad69e37d7e5876bdc39dee783419a69d7ca819.js?body=1" for 127.0.0.1 at 2016-04-04 21:13:24 -0400


Started GET "/posts" for 127.0.0.1 at 2016-04-04 21:14:20 -0400
Processing by PostsController#index as HTML
  [1m[35mUser Load (0.2ms)[0m  SELECT  "users".* FROM "users" WHERE "users"."id" = ?  ORDER BY "users"."id" ASC LIMIT 1  [["id", 2]]
  [1m[36mPost Load (0.2ms)[0m  [1mSELECT "posts".* FROM "posts"[0m
  Rendered posts/index.html.erb within layouts/application (2.6ms)
Completed 200 OK in 29ms (Views: 26.2ms | ActiveRecord: 0.4ms)


Started GET "/posts/new" for 127.0.0.1 at 2016-04-04 21:14:22 -0400
Processing by PostsController#new as HTML
  [1m[35mUser Load (0.2ms)[0m  SELECT  "users".* FROM "users" WHERE "users"."id" = ?  ORDER BY "users"."id" ASC LIMIT 1  [["id", 2]]
  Rendered posts/_form.html.erb (3.0ms)
  Rendered posts/new.html.erb within layouts/application (4.3ms)
Completed 200 OK in 35ms (Views: 32.0ms | ActiveRecord: 0.2ms)


Started POST "/posts" for 127.0.0.1 at 2016-04-04 21:19:21 -0400
Processing by PostsController#create as HTML
  Parameters: {"utf8"=>"✓", "authenticity_token"=>"1g0JpYqWMH1jB0yHWWz+rvab8Bog3kYaC8eXE+AhuSUBySstNxKW666fCCpN0hfOCqUHcyI4+R0lJbWjkea5Uw==", "post"=>{"title"=>"Second post", "content"=>"testing sending email"}, "commit"=>"Create Post"}
  [1m[36mUser Load (0.2ms)[0m  [1mSELECT  "users".* FROM "users" WHERE "users"."id" = ?  ORDER BY "users"."id" ASC LIMIT 1[0m  [["id", 2]]
  [1m[35m (0.1ms)[0m  begin transaction
  [1m[36mSQL (0.9ms)[0m  [1mINSERT INTO "posts" ("title", "content", "user_id", "created_at", "updated_at") VALUES (?, ?, ?, ?, ?)[0m  [["title", "Second post"], ["content", "testing sending email"], ["user_id", 2], ["created_at", "2016-04-05 01:19:21.316953"], ["updated_at", "2016-04-05 01:19:21.316953"]]
  [1m[35m (458.4ms)[0m  commit transaction
DEPRECATION WARNING: `#deliver` is deprecated and will be removed in Rails 5. Use `#deliver_now` to deliver immediately or `#deliver_later` to deliver through Active Job. (called from block in create at /home/fd/rails/mymailapp/app/controllers/posts_controller.rb:34)

PostMailer#post_created: processed outbound mail in 2.8ms

Sent mail to felixedecena@gmail.com (3093.0ms)
Date: Mon, 04 Apr 2016 21:19:21 -0400
From: services@gmail.com
To: felixedecena@gmail.com
Message-ID: <57031299bfe29_49353fe72c00d874960c8@fd-lt.mail>
Subject: Your post was created
Mime-Version: 1.0
Content-Type: text/plain;
 charset=UTF-8
Content-Transfer-Encoding: 7bit

This is my first Mailer!
Redirected to http://localhost:3000/posts/4
Completed 302 Found in 3567ms (ActiveRecord: 459.5ms)


Started GET "/posts/4" for 127.0.0.1 at 2016-04-04 21:19:24 -0400
Processing by PostsController#show as HTML
  Parameters: {"id"=>"4"}
  [1m[36mUser Load (0.2ms)[0m  [1mSELECT  "users".* FROM "users" WHERE "users"."id" = ?  ORDER BY "users"."id" ASC LIMIT 1[0m  [["id", 2]]
  [1m[35mPost Load (0.1ms)[0m  SELECT  "posts".* FROM "posts" WHERE "posts"."id" = ? LIMIT 1  [["id", 4]]
  [1m[36mComment Load (0.1ms)[0m  [1mSELECT "comments".* FROM "comments" WHERE "comments"."post_id" = ?[0m  [["post_id", 4]]
  Rendered collection (0.0ms)
  Rendered comments/_form.html.erb (2.6ms)
  Rendered posts/show.html.erb within layouts/application (5.1ms)
Completed 200 OK in 34ms (Views: 31.0ms | ActiveRecord: 0.4ms)


Started POST "/posts/4/comments" for 127.0.0.1 at 2016-04-04 21:42:52 -0400
Processing by CommentsController#create as HTML
  Parameters: {"utf8"=>"✓", "authenticity_token"=>"z2ZQle3ofBLjQrYmOjtcGBztCLZ2e/aQpaBl0Sp/fAcYonIdUGzahC7a8osuhbV44NP/33SdSZeLQkdhW7h8cQ==", "comment"=>{"content"=>"Comment on your post"}, "commit"=>"Create Comment", "post_id"=>"4"}
  [1m[35mPost Load (0.2ms)[0m  SELECT  "posts".* FROM "posts" WHERE "posts"."id" = ? LIMIT 1  [["id", 4]]
  [1m[36m (0.1ms)[0m  [1mbegin transaction[0m
  [1m[35mSQL (0.4ms)[0m  INSERT INTO "comments" ("content", "post_id", "created_at", "updated_at") VALUES (?, ?, ?, ?)  [["content", "Comment on your post"], ["post_id", 4], ["created_at", "2016-04-05 01:42:52.920123"], ["updated_at", "2016-04-05 01:42:52.920123"]]
  [1m[36m (109.3ms)[0m  [1mcommit transaction[0m
  [1m[35mUser Load (0.8ms)[0m  SELECT  "users".* FROM "users" WHERE "users"."id" = ?  ORDER BY "users"."id" ASC LIMIT 1  [["id", 2]]
  [1m[36mUser Load (0.4ms)[0m  [1mSELECT  "users".* FROM "users" WHERE "users"."id" = ? LIMIT 1[0m  [["id", 2]]
DEPRECATION WARNING: `#deliver` is deprecated and will be removed in Rails 5. Use `#deliver_now` to deliver immediately or `#deliver_later` to deliver through Active Job. (called from create at /home/fd/rails/mymailapp/app/controllers/comments_controller.rb:7)

CommentMailer#comment_created: processed outbound mail in 6.4ms
Completed 500 Internal Server Error in 183ms (ActiveRecord: 112.7ms)

NameError (undefined local variable or method `content' for #<CommentMailer:0x007fce549b64f8>):
  app/mailers/comment_mailer.rb:6:in `comment_created'
  app/controllers/comments_controller.rb:7:in `create'


  Rendered /home/fd/.rbenv/versions/2.2.3/lib/ruby/gems/2.2.0/gems/actionpack-4.2.4/lib/action_dispatch/middleware/templates/rescues/_source.erb (7.0ms)
  Rendered /home/fd/.rbenv/versions/2.2.3/lib/ruby/gems/2.2.0/gems/actionpack-4.2.4/lib/action_dispatch/middleware/templates/rescues/_trace.html.erb (2.7ms)
  Rendered /home/fd/.rbenv/versions/2.2.3/lib/ruby/gems/2.2.0/gems/actionpack-4.2.4/lib/action_dispatch/middleware/templates/rescues/_request_and_response.html.erb (1.1ms)
  Rendered /home/fd/.rbenv/versions/2.2.3/lib/ruby/gems/2.2.0/gems/actionpack-4.2.4/lib/action_dispatch/middleware/templates/rescues/diagnostics.html.erb within rescues/layout (26.7ms)
  Rendered /home/fd/.rbenv/versions/2.2.3/lib/ruby/gems/2.2.0/gems/web-console-2.3.0/lib/web_console/templates/_markup.html.erb (0.3ms)
  Rendered /home/fd/.rbenv/versions/2.2.3/lib/ruby/gems/2.2.0/gems/web-console-2.3.0/lib/web_console/templates/_inner_console_markup.html.erb within layouts/inlined_string (0.4ms)
  Rendered /home/fd/.rbenv/versions/2.2.3/lib/ruby/gems/2.2.0/gems/web-console-2.3.0/lib/web_console/templates/_prompt_box_markup.html.erb within layouts/inlined_string (0.3ms)
  Rendered /home/fd/.rbenv/versions/2.2.3/lib/ruby/gems/2.2.0/gems/web-console-2.3.0/lib/web_console/templates/style.css.erb within layouts/inlined_string (0.3ms)
  Rendered /home/fd/.rbenv/versions/2.2.3/lib/ruby/gems/2.2.0/gems/web-console-2.3.0/lib/web_console/templates/console.js.erb within layouts/javascript (18.3ms)
  Rendered /home/fd/.rbenv/versions/2.2.3/lib/ruby/gems/2.2.0/gems/web-console-2.3.0/lib/web_console/templates/main.js.erb within layouts/javascript (0.4ms)
  Rendered /home/fd/.rbenv/versions/2.2.3/lib/ruby/gems/2.2.0/gems/web-console-2.3.0/lib/web_console/templates/error_page.js.erb within layouts/javascript (0.5ms)
  Rendered /home/fd/.rbenv/versions/2.2.3/lib/ruby/gems/2.2.0/gems/web-console-2.3.0/lib/web_console/templates/index.html.erb (36.6ms)


Started POST "/posts/4/comments" for 127.0.0.1 at 2016-04-04 21:43:59 -0400
Processing by CommentsController#create as HTML
  Parameters: {"utf8"=>"✓", "authenticity_token"=>"z2ZQle3ofBLjQrYmOjtcGBztCLZ2e/aQpaBl0Sp/fAcYonIdUGzahC7a8osuhbV44NP/33SdSZeLQkdhW7h8cQ==", "comment"=>{"content"=>"Comment on your post"}, "commit"=>"Create Comment", "post_id"=>"4"}
  [1m[35mPost Load (0.2ms)[0m  SELECT  "posts".* FROM "posts" WHERE "posts"."id" = ? LIMIT 1  [["id", 4]]
  [1m[36m (0.3ms)[0m  [1mbegin transaction[0m
  [1m[35mSQL (0.3ms)[0m  INSERT INTO "comments" ("content", "post_id", "created_at", "updated_at") VALUES (?, ?, ?, ?)  [["content", "Comment on your post"], ["post_id", 4], ["created_at", "2016-04-05 01:43:59.999237"], ["updated_at", "2016-04-05 01:43:59.999237"]]
  [1m[36m (111.9ms)[0m  [1mcommit transaction[0m
  [1m[35mUser Load (0.4ms)[0m  SELECT  "users".* FROM "users" WHERE "users"."id" = ?  ORDER BY "users"."id" ASC LIMIT 1  [["id", 2]]
  [1m[36mUser Load (0.3ms)[0m  [1mSELECT  "users".* FROM "users" WHERE "users"."id" = ? LIMIT 1[0m  [["id", 2]]
DEPRECATION WARNING: `#deliver` is deprecated and will be removed in Rails 5. Use `#deliver_now` to deliver immediately or `#deliver_later` to deliver through Active Job. (called from create at /home/fd/rails/mymailapp/app/controllers/comments_controller.rb:7)
  Rendered comment_mailer/comment_created.html.erb (0.7ms)

CommentMailer#comment_created: processed outbound mail in 9.4ms

Sent mail to felixedecena@gmail.com (3588.8ms)
Date: Mon, 04 Apr 2016 21:44:00 -0400
From: services@gmail.com
To: felixedecena@gmail.com
Message-ID: <5703186025342_49353fe731444d989617f@fd-lt.mail>
Subject: Your comment was created
Mime-Version: 1.0
Content-Type: text/html;
 charset=UTF-8
Content-Transfer-Encoding: 7bit

<p> Hi, Felix Decena ,</p> <br>

<p>#&lt;User:0x007fce620fa4c8&gt; has commented on your Post:</p>
<p>Comment on your post</p>



Redirected to http://localhost:3000/posts/4
Completed 302 Found in 3763ms (ActiveRecord: 115.0ms)


Started GET "/posts/4" for 127.0.0.1 at 2016-04-04 21:44:03 -0400
Processing by PostsController#show as HTML
  Parameters: {"id"=>"4"}
  [1m[35mUser Load (0.2ms)[0m  SELECT  "users".* FROM "users" WHERE "users"."id" = ?  ORDER BY "users"."id" ASC LIMIT 1  [["id", 2]]
  [1m[36mPost Load (0.1ms)[0m  [1mSELECT  "posts".* FROM "posts" WHERE "posts"."id" = ? LIMIT 1[0m  [["id", 4]]
  [1m[35mComment Load (0.4ms)[0m  SELECT "comments".* FROM "comments" WHERE "comments"."post_id" = ?  [["post_id", 4]]
  Rendered comments/_comment.html.erb (1.0ms)
  Rendered comments/_form.html.erb (3.6ms)
  Rendered posts/show.html.erb within layouts/application (9.5ms)
Completed 200 OK in 40ms (Views: 32.4ms | ActiveRecord: 0.6ms)


Started GET "/assets/home.self-e3b0c44298fc1c149afbf4c8996fb92427ae41e4649b934ca495991b7852b855.css?body=1" for 127.0.0.1 at 2016-04-04 21:44:03 -0400


Started GET "/assets/jquery_ujs.self-e87806d0cf4489aeb1bb7288016024e8de67fd18db693fe026fe3907581e53cd.js?body=1" for 127.0.0.1 at 2016-04-04 21:44:03 -0400


Started GET "/assets/jquery.self-660adc51e0224b731d29f575a6f1ec167ba08ad06ed5deca4f1e8654c135bf4c.js?body=1" for 127.0.0.1 at 2016-04-04 21:44:03 -0400


Started GET "/assets/scaffolds.self-616d811807d668015dd1d21308251bcaaadd02c129873150cbfb8dbff690dc28.css?body=1" for 127.0.0.1 at 2016-04-04 21:44:03 -0400


Started GET "/assets/posts.self-e3b0c44298fc1c149afbf4c8996fb92427ae41e4649b934ca495991b7852b855.css?body=1" for 127.0.0.1 at 2016-04-04 21:44:03 -0400


Started GET "/assets/application.self-e80e8f2318043e8af94dddc2adad5a4f09739a8ebb323b3ab31cd71d45fd9113.css?body=1" for 127.0.0.1 at 2016-04-04 21:44:03 -0400


Started GET "/assets/posts.self-877aef30ae1b040ab8a3aba4e3e309a11d7f2612f44dde450b5c157aa5f95c05.js?body=1" for 127.0.0.1 at 2016-04-04 21:44:03 -0400


Started GET "/assets/turbolinks.self-c37727e9bd6b2735da5c311aa83fead54ed0be6cc8bd9a65309e9c5abe2cbfff.js?body=1" for 127.0.0.1 at 2016-04-04 21:44:03 -0400


Started GET "/assets/home.self-877aef30ae1b040ab8a3aba4e3e309a11d7f2612f44dde450b5c157aa5f95c05.js?body=1" for 127.0.0.1 at 2016-04-04 21:44:03 -0400


Started GET "/assets/application.self-3b8dabdc891efe46b9a144b400ad69e37d7e5876bdc39dee783419a69d7ca819.js?body=1" for 127.0.0.1 at 2016-04-04 21:44:03 -0400


Started POST "/posts/4/comments" for 127.0.0.1 at 2016-04-04 21:45:42 -0400
Processing by CommentsController#create as HTML
  Parameters: {"utf8"=>"✓", "authenticity_token"=>"Gfqbb8Sujs2hblGPGIRh8MbHideeKm+xrsWLlkjeMt7OPrnneSooW2z2FSIMOoiQOvl+vpzM0LaAJ6kmORkyqA==", "comment"=>{"content"=>"Segunda prueba"}, "commit"=>"Create Comment", "post_id"=>"4"}
  [1m[36mPost Load (0.2ms)[0m  [1mSELECT  "posts".* FROM "posts" WHERE "posts"."id" = ? LIMIT 1[0m  [["id", 4]]
  [1m[35m (0.1ms)[0m  begin transaction
  [1m[36mSQL (0.3ms)[0m  [1mINSERT INTO "comments" ("content", "post_id", "created_at", "updated_at") VALUES (?, ?, ?, ?)[0m  [["content", "Segunda prueba"], ["post_id", 4], ["created_at", "2016-04-05 01:45:42.459826"], ["updated_at", "2016-04-05 01:45:42.459826"]]
  [1m[35m (78.2ms)[0m  commit transaction
  [1m[36mUser Load (0.2ms)[0m  [1mSELECT  "users".* FROM "users" WHERE "users"."id" = ?  ORDER BY "users"."id" ASC LIMIT 1[0m  [["id", 2]]
  [1m[35mUser Load (0.2ms)[0m  SELECT  "users".* FROM "users" WHERE "users"."id" = ? LIMIT 1  [["id", 2]]
DEPRECATION WARNING: `#deliver` is deprecated and will be removed in Rails 5. Use `#deliver_now` to deliver immediately or `#deliver_later` to deliver through Active Job. (called from create at /home/fd/rails/mymailapp/app/controllers/comments_controller.rb:7)
  Rendered comment_mailer/comment_created.html.erb (0.6ms)

CommentMailer#comment_created: processed outbound mail in 9.7ms

Sent mail to felixedecena@gmail.com (5550.6ms)
Date: Mon, 04 Apr 2016 21:45:42 -0400
From: services@gmail.com
To: felixedecena@gmail.com
Message-ID: <570318c687ff3_49353fe730770d88962ca@fd-lt.mail>
Subject: Your comment was created
Mime-Version: 1.0
Content-Type: text/html;
 charset=UTF-8
Content-Transfer-Encoding: 7bit

<p> Hi Felix Decena ,</p> <br>
<p>Felix Decena has commented on your Post:</p>
<p>Segunda prueba</p>



Redirected to http://localhost:3000/posts/4
Completed 302 Found in 5652ms (ActiveRecord: 79.2ms)


Started GET "/posts/4" for 127.0.0.1 at 2016-04-04 21:45:48 -0400
Processing by PostsController#show as HTML
  Parameters: {"id"=>"4"}
  [1m[36mUser Load (0.2ms)[0m  [1mSELECT  "users".* FROM "users" WHERE "users"."id" = ?  ORDER BY "users"."id" ASC LIMIT 1[0m  [["id", 2]]
  [1m[35mPost Load (0.1ms)[0m  SELECT  "posts".* FROM "posts" WHERE "posts"."id" = ? LIMIT 1  [["id", 4]]
  [1m[36mComment Load (0.2ms)[0m  [1mSELECT "comments".* FROM "comments" WHERE "comments"."post_id" = ?[0m  [["post_id", 4]]
  Rendered comments/_comment.html.erb (0.2ms)
  Rendered comments/_form.html.erb (3.6ms)
  Rendered posts/show.html.erb within layouts/application (8.5ms)
Completed 200 OK in 39ms (Views: 35.4ms | ActiveRecord: 0.5ms)


Started POST "/posts/4/comments" for 127.0.0.1 at 2016-04-04 21:47:22 -0400
Processing by CommentsController#create as HTML
  Parameters: {"utf8"=>"✓", "authenticity_token"=>"ZduONXGvVH0geqo5HOTm9Rq7oeAZWdzjRjzI01+ZonSyH6y9zCvy6+3i7pQIWg+V5oVWiRu/Y+Ro3upjLl6iAg==", "comment"=>{"content"=>"Tercera prueba."}, "commit"=>"Create Comment", "post_id"=>"4"}
  [1m[35mPost Load (0.2ms)[0m  SELECT  "posts".* FROM "posts" WHERE "posts"."id" = ? LIMIT 1  [["id", 4]]
  [1m[36m (0.1ms)[0m  [1mbegin transaction[0m
  [1m[35mSQL (0.3ms)[0m  INSERT INTO "comments" ("content", "post_id", "created_at", "updated_at") VALUES (?, ?, ?, ?)  [["content", "Tercera prueba."], ["post_id", 4], ["created_at", "2016-04-05 01:47:22.248546"], ["updated_at", "2016-04-05 01:47:22.248546"]]
  [1m[36m (83.5ms)[0m  [1mcommit transaction[0m
  [1m[35mUser Load (0.1ms)[0m  SELECT  "users".* FROM "users" WHERE "users"."id" = ?  ORDER BY "users"."id" ASC LIMIT 1  [["id", 2]]
  [1m[36mUser Load (0.1ms)[0m  [1mSELECT  "users".* FROM "users" WHERE "users"."id" = ? LIMIT 1[0m  [["id", 2]]
DEPRECATION WARNING: `#deliver` is deprecated and will be removed in Rails 5. Use `#deliver_now` to deliver immediately or `#deliver_later` to deliver through Active Job. (called from create at /home/fd/rails/mymailapp/app/controllers/comments_controller.rb:7)
  Rendered comment_mailer/comment_created.html.erb (0.2ms)

CommentMailer#comment_created: processed outbound mail in 10.4ms

Sent mail to felixedecena@gmail.com (2913.6ms)
Date: Mon, 04 Apr 2016 21:47:22 -0400
From: services@gmail.com
To: felixedecena@gmail.com
Message-ID: <5703192a558e8_49353fe731133280963bc@fd-lt.mail>
Subject: Your comment was created
Mime-Version: 1.0
Content-Type: text/html;
 charset=UTF-8
Content-Transfer-Encoding: 7bit

<p> Hi Felix Decena ,</p> <br>
<p>Felix Decena has commented on your Post:</p>
<p>Tercera prueba.</p>



Redirected to http://localhost:3000/posts/4
Completed 302 Found in 3019ms (ActiveRecord: 84.3ms)


Started GET "/posts/4" for 127.0.0.1 at 2016-04-04 21:47:25 -0400
Processing by PostsController#show as HTML
  Parameters: {"id"=>"4"}
  [1m[35mUser Load (0.2ms)[0m  SELECT  "users".* FROM "users" WHERE "users"."id" = ?  ORDER BY "users"."id" ASC LIMIT 1  [["id", 2]]
  [1m[36mPost Load (0.1ms)[0m  [1mSELECT  "posts".* FROM "posts" WHERE "posts"."id" = ? LIMIT 1[0m  [["id", 4]]
  [1m[35mComment Load (0.1ms)[0m  SELECT "comments".* FROM "comments" WHERE "comments"."post_id" = ?  [["post_id", 4]]
  Rendered comments/_comment.html.erb (0.2ms)
  Rendered comments/_form.html.erb (2.4ms)
  Rendered posts/show.html.erb within layouts/application (6.1ms)
Completed 200 OK in 32ms (Views: 29.1ms | ActiveRecord: 0.5ms)


Started POST "/posts/4/comments" for 127.0.0.1 at 2016-04-04 21:48:39 -0400
Processing by CommentsController#create as HTML
  Parameters: {"utf8"=>"✓", "authenticity_token"=>"hB7Av2+Ihged30bC23uZ6+EXOS2eZayTW1WQTYW2pg1T2uI30gwgkVBHAm/PxXCLHSnORJyDE5R1t7L99HGmew==", "comment"=>{"content"=>"Cuarta prueba."}, "commit"=>"Create Comment", "post_id"=>"4"}
  [1m[36mPost Load (0.2ms)[0m  [1mSELECT  "posts".* FROM "posts" WHERE "posts"."id" = ? LIMIT 1[0m  [["id", 4]]
  [1m[35m (0.1ms)[0m  begin transaction
  [1m[36mSQL (0.3ms)[0m  [1mINSERT INTO "comments" ("content", "post_id", "created_at", "updated_at") VALUES (?, ?, ?, ?)[0m  [["content", "Cuarta prueba."], ["post_id", 4], ["created_at", "2016-04-05 01:48:39.266406"], ["updated_at", "2016-04-05 01:48:39.266406"]]
  [1m[35m (80.3ms)[0m  commit transaction
  [1m[36mUser Load (0.1ms)[0m  [1mSELECT  "users".* FROM "users" WHERE "users"."id" = ?  ORDER BY "users"."id" ASC LIMIT 1[0m  [["id", 2]]
  [1m[35mUser Load (0.1ms)[0m  SELECT  "users".* FROM "users" WHERE "users"."id" = ? LIMIT 1  [["id", 2]]
DEPRECATION WARNING: `#deliver` is deprecated and will be removed in Rails 5. Use `#deliver_now` to deliver immediately or `#deliver_later` to deliver through Active Job. (called from create at /home/fd/rails/mymailapp/app/controllers/comments_controller.rb:7)
  Rendered comment_mailer/comment_created.html.erb (0.6ms)

CommentMailer#comment_created: processed outbound mail in 7.6ms

Sent mail to felixedecena@gmail.com (15062.1ms)
Date: Mon, 04 Apr 2016 21:48:39 -0400
From: services@gmail.com
To: felixedecena@gmail.com
Message-ID: <57031977584c1_49353fe730f4ccc8964c@fd-lt.mail>
Subject: Your comment was created
Mime-Version: 1.0
Content-Type: text/html;
 charset=UTF-8
Content-Transfer-Encoding: 7bit

<p> Hi Felix Decena,</p>
<p>Felix Decena has commented on your Post:</p>
<p>Cuarta prueba.</p>



Redirected to http://localhost:3000/posts/4
Completed 302 Found in 15161ms (ActiveRecord: 81.0ms)


Started GET "/posts/4" for 127.0.0.1 at 2016-04-04 21:48:54 -0400
Processing by PostsController#show as HTML
  Parameters: {"id"=>"4"}
  [1m[36mUser Load (0.2ms)[0m  [1mSELECT  "users".* FROM "users" WHERE "users"."id" = ?  ORDER BY "users"."id" ASC LIMIT 1[0m  [["id", 2]]
  [1m[35mPost Load (0.1ms)[0m  SELECT  "posts".* FROM "posts" WHERE "posts"."id" = ? LIMIT 1  [["id", 4]]
  [1m[36mComment Load (0.1ms)[0m  [1mSELECT "comments".* FROM "comments" WHERE "comments"."post_id" = ?[0m  [["post_id", 4]]
  Rendered comments/_comment.html.erb (0.2ms)
  Rendered comments/_form.html.erb (2.3ms)
  Rendered posts/show.html.erb within layouts/application (5.8ms)
Completed 200 OK in 31ms (Views: 28.6ms | ActiveRecord: 0.4ms)
  [1m[36m (607.6ms)[0m  [1mCREATE TABLE `schema_migrations` (`version` varchar(255) NOT NULL) ENGINE=InnoDB[0m
  [1m[35m (506.0ms)[0m  CREATE UNIQUE INDEX `unique_schema_migrations`  ON `schema_migrations` (`version`) 
  [1m[36mActiveRecord::SchemaMigration Load (0.4ms)[0m  [1mSELECT `schema_migrations`.* FROM `schema_migrations`[0m
Migrating to DeviseCreateUsers (20160403175139)
  [1m[35m (304.1ms)[0m  CREATE TABLE `users` (`id` int(11) auto_increment PRIMARY KEY, `name` varchar(255), `email` varchar(255) DEFAULT '' NOT NULL, `encrypted_password` varchar(255) DEFAULT '' NOT NULL, `reset_password_token` varchar(255), `reset_password_sent_at` datetime, `remember_created_at` datetime, `sign_in_count` int(11) DEFAULT 0 NOT NULL, `current_sign_in_at` datetime, `last_sign_in_at` datetime, `current_sign_in_ip` varchar(255), `last_sign_in_ip` varchar(255), `created_at` datetime NOT NULL, `updated_at` datetime NOT NULL) ENGINE=InnoDB
  [1m[36m (300.5ms)[0m  [1mCREATE UNIQUE INDEX `index_users_on_email`  ON `users` (`email`) [0m
  [1m[35m (244.7ms)[0m  CREATE UNIQUE INDEX `index_users_on_reset_password_token`  ON `users` (`reset_password_token`) 
  [1m[36m (0.3ms)[0m  [1mBEGIN[0m
  [1m[35mSQL (0.4ms)[0m  INSERT INTO `schema_migrations` (`version`) VALUES ('20160403175139')
  [1m[36m (33.4ms)[0m  [1mCOMMIT[0m
Migrating to CreatePosts (20160403222736)
  [1m[35m (267.0ms)[0m  CREATE TABLE `posts` (`id` int(11) auto_increment PRIMARY KEY, `title` varchar(255), `content` text, `user_id` int(11), `created_at` datetime NOT NULL, `updated_at` datetime NOT NULL) ENGINE=InnoDB
  [1m[36m (0.2ms)[0m  [1mBEGIN[0m
  [1m[35mSQL (0.4ms)[0m  INSERT INTO `schema_migrations` (`version`) VALUES ('20160403222736')
  [1m[36m (42.2ms)[0m  [1mCOMMIT[0m
Migrating to CreateComments (20160403233804)
  [1m[35m (269.2ms)[0m  CREATE TABLE `comments` (`id` int(11) auto_increment PRIMARY KEY, `content` text, `post_id` int(11), `created_at` datetime NOT NULL, `updated_at` datetime NOT NULL) ENGINE=InnoDB
  [1m[36m (0.3ms)[0m  [1mBEGIN[0m
  [1m[35mSQL (0.4ms)[0m  INSERT INTO `schema_migrations` (`version`) VALUES ('20160403233804')
  [1m[36m (41.5ms)[0m  [1mCOMMIT[0m
  [1m[35mActiveRecord::SchemaMigration Load (0.3ms)[0m  SELECT `schema_migrations`.* FROM `schema_migrations`
  [1m[36m (12.9ms)[0m  [1mSELECT fk.referenced_table_name as 'to_table'
      ,fk.referenced_column_name as 'primary_key'
      ,fk.column_name as 'column'
      ,fk.constraint_name as 'name'
FROM information_schema.key_column_usage fk
WHERE fk.referenced_column_name is not null
  AND fk.table_schema = 'mymailapp_development'
  AND fk.table_name = 'comments'
[0m
  [1m[35m (0.3ms)[0m  SHOW CREATE TABLE `comments`
  [1m[36m (0.4ms)[0m  [1mSELECT fk.referenced_table_name as 'to_table'
      ,fk.referenced_column_name as 'primary_key'
      ,fk.column_name as 'column'
      ,fk.constraint_name as 'name'
FROM information_schema.key_column_usage fk
WHERE fk.referenced_column_name is not null
  AND fk.table_schema = 'mymailapp_development'
  AND fk.table_name = 'posts'
[0m
  [1m[35m (0.2ms)[0m  SHOW CREATE TABLE `posts`
  [1m[36m (0.3ms)[0m  [1mSELECT fk.referenced_table_name as 'to_table'
      ,fk.referenced_column_name as 'primary_key'
      ,fk.column_name as 'column'
      ,fk.constraint_name as 'name'
FROM information_schema.key_column_usage fk
WHERE fk.referenced_column_name is not null
  AND fk.table_schema = 'mymailapp_development'
  AND fk.table_name = 'users'
[0m
  [1m[35m (0.2ms)[0m  SHOW CREATE TABLE `users`


Started DELETE "/users/sign_out" for 127.0.0.1 at 2016-04-05 18:46:27 -0400
  [1m[36mActiveRecord::SchemaMigration Load (0.3ms)[0m  [1mSELECT `schema_migrations`.* FROM `schema_migrations`[0m
Processing by Devise::SessionsController#destroy as HTML
  Parameters: {"authenticity_token"=>"+6SDNWWzVjIeg9We0vZ4PZoTa9O0sBitZDkXk10dqOcsYKG92DfwpNMbkTPGSJFdZi2curZWp6pK2zUjLNqokQ=="}
  [1m[35mUser Load (0.4ms)[0m  SELECT  `users`.* FROM `users` WHERE `users`.`id` = 2  ORDER BY `users`.`id` ASC LIMIT 1
Redirected to http://localhost:3000/
Filter chain halted as :verify_signed_out_user rendered or redirected
Completed 302 Found in 26ms (ActiveRecord: 2.0ms)


Started GET "/" for 127.0.0.1 at 2016-04-05 18:46:27 -0400
Processing by HomeController#index as HTML
  Rendered home/index.html.erb within layouts/application (1.0ms)
Completed 200 OK in 199ms (Views: 194.7ms | ActiveRecord: 0.0ms)


Started GET "/users/sign_up" for 127.0.0.1 at 2016-04-05 18:46:32 -0400
Processing by RegistrationsController#new as HTML
  Rendered devise/shared/_links.html.erb (2.2ms)
  Rendered devise/registrations/new.html.erb within layouts/application (66.0ms)
Completed 200 OK in 103ms (Views: 92.8ms | ActiveRecord: 0.0ms)


Started POST "/users" for 127.0.0.1 at 2016-04-05 18:47:06 -0400
Processing by RegistrationsController#create as HTML
  Parameters: {"utf8"=>"✓", "authenticity_token"=>"ef31vn4jDZ8mHQlPnoEjkOckRZ2MAdAhQ32Q07Jhbf2uOdc2w6erCeuFTeKKP8rwGxqy9I7nbyZtn7Jjw6Ztiw==", "user"=>{"name"=>"Felix Decena", "email"=>"felixeroidis@hotmail.com", "password"=>"[FILTERED]", "password_confirmation"=>"[FILTERED]"}, "commit"=>"Sign up"}
  [1m[36m (0.2ms)[0m  [1mBEGIN[0m
  [1m[35mUser Exists (13.0ms)[0m  SELECT  1 AS one FROM `users` WHERE `users`.`email` = BINARY 'felixeroidis@hotmail.com' LIMIT 1
  [1m[36mSQL (0.2ms)[0m  [1mINSERT INTO `users` (`name`, `email`, `encrypted_password`, `created_at`, `updated_at`) VALUES ('Felix Decena', 'felixeroidis@hotmail.com', '$2a$10$IqeXD6kQUKwPPm1YisFeVeGlmNCZSm9mzJhHBmGS/5CXzhVw2KvuO', '2016-04-05 22:47:06', '2016-04-05 22:47:06')[0m
  [1m[35m (74.2ms)[0m  COMMIT
  [1m[36m (0.2ms)[0m  [1mBEGIN[0m
  [1m[35mSQL (0.5ms)[0m  UPDATE `users` SET `last_sign_in_at` = '2016-04-05 22:47:06', `current_sign_in_at` = '2016-04-05 22:47:06', `last_sign_in_ip` = '127.0.0.1', `current_sign_in_ip` = '127.0.0.1', `sign_in_count` = 1, `updated_at` = '2016-04-05 22:47:06' WHERE `users`.`id` = 1
  [1m[36m (40.3ms)[0m  [1mCOMMIT[0m
Redirected to http://localhost:3000/
Completed 302 Found in 417ms (ActiveRecord: 128.7ms)


Started GET "/" for 127.0.0.1 at 2016-04-05 18:47:06 -0400
Processing by HomeController#index as HTML
  [1m[35mUser Load (0.5ms)[0m  SELECT  `users`.* FROM `users` WHERE `users`.`id` = 1  ORDER BY `users`.`id` ASC LIMIT 1
Redirected to http://localhost:3000/posts
Completed 302 Found in 3ms (ActiveRecord: 0.5ms)


Started GET "/posts" for 127.0.0.1 at 2016-04-05 18:47:06 -0400
Processing by PostsController#index as HTML
  [1m[36mUser Load (0.6ms)[0m  [1mSELECT  `users`.* FROM `users` WHERE `users`.`id` = 1  ORDER BY `users`.`id` ASC LIMIT 1[0m
  [1m[35mPost Load (0.5ms)[0m  SELECT `posts`.* FROM `posts`
  Rendered posts/index.html.erb within layouts/application (4.3ms)
Completed 200 OK in 60ms (Views: 48.8ms | ActiveRecord: 1.9ms)


Started GET "/posts/new" for 127.0.0.1 at 2016-04-05 18:47:19 -0400
Processing by PostsController#new as HTML
  [1m[36mUser Load (0.5ms)[0m  [1mSELECT  `users`.* FROM `users` WHERE `users`.`id` = 1  ORDER BY `users`.`id` ASC LIMIT 1[0m
  Rendered posts/_form.html.erb (5.8ms)
  Rendered posts/new.html.erb within layouts/application (7.7ms)
Completed 200 OK in 50ms (Views: 38.2ms | ActiveRecord: 0.8ms)


Started POST "/posts" for 127.0.0.1 at 2016-04-05 18:47:42 -0400
Processing by PostsController#create as HTML
  Parameters: {"utf8"=>"✓", "authenticity_token"=>"jAUg8awYKV1kx3dZZP18UDcimFOsLoMR3dAs6xMV0/NbwQJ5EZyPy6lfM/RwQ5UwyxxvOq7IPBbzMg5bYtLThQ==", "post"=>{"title"=>"Testing the first post fro mysql db", "content"=>""}, "commit"=>"Create Post"}
  [1m[35mUser Load (0.5ms)[0m  SELECT  `users`.* FROM `users` WHERE `users`.`id` = 1  ORDER BY `users`.`id` ASC LIMIT 1
  [1m[36m (0.2ms)[0m  [1mBEGIN[0m
  [1m[35mSQL (0.3ms)[0m  INSERT INTO `posts` (`title`, `content`, `user_id`, `created_at`, `updated_at`) VALUES ('Testing the first post fro mysql db', '', 1, '2016-04-05 22:47:42', '2016-04-05 22:47:42')
  [1m[36m (92.3ms)[0m  [1mCOMMIT[0m
DEPRECATION WARNING: `#deliver` is deprecated and will be removed in Rails 5. Use `#deliver_now` to deliver immediately or `#deliver_later` to deliver through Active Job. (called from block in create at /home/fd/rails/mymailapp/app/controllers/posts_controller.rb:34)

PostMailer#post_created: processed outbound mail in 261.2ms

Sent mail to felixeroidis@hotmail.com (4035.3ms)
Date: Tue, 05 Apr 2016 18:47:42 -0400
From: services@gmail.com
To: felixeroidis@hotmail.com
Message-ID: <5704408eb4882_3e0c3fc54d10aea8466ef@fd-lt.mail>
Subject: Your post was created
Mime-Version: 1.0
Content-Type: text/plain;
 charset=UTF-8
Content-Transfer-Encoding: 7bit

This is my first Mailer!
Redirected to http://localhost:3000/posts/1
Completed 302 Found in 4438ms (ActiveRecord: 93.2ms)


Started GET "/posts/1" for 127.0.0.1 at 2016-04-05 18:47:46 -0400
Processing by PostsController#show as HTML
  Parameters: {"id"=>"1"}
  [1m[35mUser Load (0.5ms)[0m  SELECT  `users`.* FROM `users` WHERE `users`.`id` = 1  ORDER BY `users`.`id` ASC LIMIT 1
  [1m[36mPost Load (0.4ms)[0m  [1mSELECT  `posts`.* FROM `posts` WHERE `posts`.`id` = 1 LIMIT 1[0m
  [1m[35mComment Load (0.4ms)[0m  SELECT `comments`.* FROM `comments` WHERE `comments`.`post_id` = 1
  Rendered collection (0.0ms)
  Rendered comments/_form.html.erb (11.9ms)
  Rendered posts/show.html.erb within layouts/application (24.3ms)
Completed 200 OK in 54ms (Views: 45.4ms | ActiveRecord: 2.7ms)


Started POST "/posts/1/comments" for 127.0.0.1 at 2016-04-05 18:48:03 -0400
Processing by CommentsController#create as HTML
  Parameters: {"utf8"=>"✓", "authenticity_token"=>"AXqV5M/MyuH18DPDQrJ3exxzgaEoLMcPBNwQT+AywUzWvrdsckhsdzhod25WDJ4b4E12yCrKeAgqPjL/kfXBOg==", "comment"=>{"content"=>"testing comments from mysql db"}, "commit"=>"Create Comment", "post_id"=>"1"}
  [1m[36mPost Load (0.5ms)[0m  [1mSELECT  `posts`.* FROM `posts` WHERE `posts`.`id` = 1 LIMIT 1[0m
  [1m[35m (0.2ms)[0m  BEGIN
  [1m[36mSQL (0.4ms)[0m  [1mINSERT INTO `comments` (`content`, `post_id`, `created_at`, `updated_at`) VALUES ('testing comments from mysql db', 1, '2016-04-05 22:48:03', '2016-04-05 22:48:03')[0m
  [1m[35m (55.0ms)[0m  COMMIT
  [1m[36mUser Load (0.5ms)[0m  [1mSELECT  `users`.* FROM `users` WHERE `users`.`id` = 1  ORDER BY `users`.`id` ASC LIMIT 1[0m
  [1m[35mUser Load (0.3ms)[0m  SELECT  `users`.* FROM `users` WHERE `users`.`id` = 1 LIMIT 1
DEPRECATION WARNING: `#deliver` is deprecated and will be removed in Rails 5. Use `#deliver_now` to deliver immediately or `#deliver_later` to deliver through Active Job. (called from create at /home/fd/rails/mymailapp/app/controllers/comments_controller.rb:7)
  Rendered comment_mailer/comment_created.html.erb (0.6ms)

CommentMailer#comment_created: processed outbound mail in 9.7ms

Sent mail to felixeroidis@hotmail.com (1402.5ms)
Date: Tue, 05 Apr 2016 18:48:03 -0400
From: services@gmail.com
To: felixeroidis@hotmail.com
Message-ID: <570440a3835a1_3e0c3fc54d10aea84673b@fd-lt.mail>
Subject: Your comment was created
Mime-Version: 1.0
Content-Type: text/html;
 charset=UTF-8
Content-Transfer-Encoding: 7bit

<p> Hi Felix Decena,</p>
<p>Felix Decena has commented on your Post:</p>
<p>testing comments from mysql db</p>



Redirected to http://localhost:3000/posts/1
Completed 302 Found in 1486ms (ActiveRecord: 56.9ms)


Started GET "/posts/1" for 127.0.0.1 at 2016-04-05 18:48:04 -0400
Processing by PostsController#show as HTML
  Parameters: {"id"=>"1"}
  [1m[36mUser Load (0.5ms)[0m  [1mSELECT  `users`.* FROM `users` WHERE `users`.`id` = 1  ORDER BY `users`.`id` ASC LIMIT 1[0m
  [1m[35mPost Load (0.4ms)[0m  SELECT  `posts`.* FROM `posts` WHERE `posts`.`id` = 1 LIMIT 1
  [1m[36mComment Load (35.1ms)[0m  [1mSELECT `comments`.* FROM `comments` WHERE `comments`.`post_id` = 1[0m
  Rendered comments/_comment.html.erb (0.5ms)
  Rendered comments/_form.html.erb (1.7ms)
  Rendered posts/show.html.erb within layouts/application (40.7ms)
Completed 200 OK in 63ms (Views: 23.9ms | ActiveRecord: 36.0ms)
